{"C:\\Users\\alexa\\IdeaProjects\\fooddelivery\\frontend\\src\\App.jsx": {"path":"C:\\Users\\alexa\\IdeaProjects\\fooddelivery\\frontend\\src\\App.jsx","statementMap":{"0":{"start":{"line":17,"column":27},"end":{"line":17,"column":50}},"1":{"start":{"line":18,"column":2},"end":{"line":19,"column":null}},"2":{"start":{"line":19,"column":4},"end":{"line":19,"column":null}},"3":{"start":{"line":21,"column":2},"end":{"line":21,"column":null}},"4":{"start":{"line":25,"column":2},"end":{"line":98,"column":null}}},"fnMap":{"0":{"name":"RoleHomeFallback","decl":{"start":{"line":16,"column":9},"end":{"line":16,"column":28}},"loc":{"start":{"line":16,"column":28},"end":{"line":21,"column":null}},"line":16},"1":{"name":"App","decl":{"start":{"line":24,"column":24},"end":{"line":24,"column":30}},"loc":{"start":{"line":24,"column":30},"end":{"line":98,"column":null}},"line":24}},"branchMap":{"0":{"loc":{"start":{"line":18,"column":2},"end":{"line":19,"column":null}},"type":"if","locations":[{"start":{"line":18,"column":2},"end":{"line":19,"column":null}},{"start":{},"end":{}}],"line":18}},"s":{"0":2,"1":2,"2":1,"3":1,"4":7},"f":{"0":2,"1":7},"b":{"0":[1,1]},"meta":{"lastBranch":1,"lastFunction":2,"lastStatement":5,"seen":{"f:16:9:16:28":0,"s:17:27:17:50":0,"b:18:2:19:Infinity:undefined:undefined:undefined:undefined":0,"s:18:2:19:Infinity":1,"s:19:4:19:Infinity":2,"s:21:2:21:Infinity":3,"f:24:24:24:30":1,"s:25:2:98:Infinity":4}}}
,"C:\\Users\\alexa\\IdeaProjects\\fooddelivery\\frontend\\src\\components\\ProtectedRoute.jsx": {"path":"C:\\Users\\alexa\\IdeaProjects\\fooddelivery\\frontend\\src\\components\\ProtectedRoute.jsx","statementMap":{"0":{"start":{"line":5,"column":33},"end":{"line":5,"column":56}},"1":{"start":{"line":6,"column":8},"end":{"line":6,"column":32}},"2":{"start":{"line":8,"column":2},"end":{"line":10,"column":null}},"3":{"start":{"line":9,"column":4},"end":{"line":10,"column":null}},"4":{"start":{"line":14,"column":2},"end":{"line":15,"column":null}},"5":{"start":{"line":15,"column":4},"end":{"line":15,"column":null}},"6":{"start":{"line":18,"column":2},"end":{"line":18,"column":null}}},"fnMap":{"0":{"name":"ProtectedRoute","decl":{"start":{"line":4,"column":24},"end":{"line":4,"column":39}},"loc":{"start":{"line":4,"column":74},"end":{"line":18,"column":null}},"line":4}},"branchMap":{"0":{"loc":{"start":{"line":4,"column":51},"end":{"line":4,"column":74}},"type":"default-arg","locations":[{"start":{"line":4,"column":66},"end":{"line":4,"column":74}}],"line":4},"1":{"loc":{"start":{"line":8,"column":2},"end":{"line":10,"column":null}},"type":"if","locations":[{"start":{"line":8,"column":2},"end":{"line":10,"column":null}},{"start":{},"end":{}}],"line":8},"2":{"loc":{"start":{"line":14,"column":2},"end":{"line":15,"column":null}},"type":"if","locations":[{"start":{"line":14,"column":2},"end":{"line":15,"column":null}},{"start":{},"end":{}}],"line":14},"3":{"loc":{"start":{"line":14,"column":6},"end":{"line":14,"column":92}},"type":"binary-expr","locations":[{"start":{"line":14,"column":6},"end":{"line":14,"column":33}},{"start":{"line":14,"column":37},"end":{"line":14,"column":64}},{"start":{"line":14,"column":64},"end":{"line":14,"column":92}}],"line":14}},"s":{"0":10,"1":10,"2":10,"3":2,"4":8,"5":2,"6":6},"f":{"0":10},"b":{"0":[10],"1":[2,8],"2":[2,6],"3":[8,8,8]},"meta":{"lastBranch":4,"lastFunction":1,"lastStatement":7,"seen":{"f:4:24:4:39":0,"b:4:66:4:74":0,"s:5:33:5:56":0,"s:6:8:6:32":1,"b:8:2:10:Infinity:undefined:undefined:undefined:undefined":1,"s:8:2:10:Infinity":2,"s:9:4:10:Infinity":3,"b:14:2:15:Infinity:undefined:undefined:undefined:undefined":2,"s:14:2:15:Infinity":4,"b:14:6:14:33:14:37:14:64:14:64:14:92":3,"s:15:4:15:Infinity":5,"s:18:2:18:Infinity":6}}}
,"C:\\Users\\alexa\\IdeaProjects\\fooddelivery\\frontend\\src\\components\\YandexMap.jsx": {"path":"C:\\Users\\alexa\\IdeaProjects\\fooddelivery\\frontend\\src\\components\\YandexMap.jsx","statementMap":{"0":{"start":{"line":4,"column":22},"end":{"line":4,"column":44}},"1":{"start":{"line":5,"column":23},"end":{"line":5,"column":41}},"2":{"start":{"line":6,"column":21},"end":{"line":6,"column":null}},"3":{"start":{"line":9,"column":14},"end":{"line":9,"column":61}},"4":{"start":{"line":10,"column":14},"end":{"line":10,"column":62}},"5":{"start":{"line":11,"column":2},"end":{"line":12,"column":null}},"6":{"start":{"line":12,"column":4},"end":{"line":12,"column":null}},"7":{"start":{"line":14,"column":2},"end":{"line":23,"column":null}},"8":{"start":{"line":27,"column":17},"end":{"line":27,"column":null}},"9":{"start":{"line":28,"column":8},"end":{"line":28,"column":29}},"10":{"start":{"line":29,"column":8},"end":{"line":29,"column":47}},"11":{"start":{"line":30,"column":8},"end":{"line":30,"column":87}},"12":{"start":{"line":30,"column":31},"end":{"line":30,"column":71}},"13":{"start":{"line":31,"column":17},"end":{"line":31,"column":null}},"14":{"start":{"line":33,"column":8},"end":{"line":51,"column":null}},"15":{"start":{"line":35,"column":27},"end":{"line":35,"column":68}},"16":{"start":{"line":36,"column":6},"end":{"line":37,"column":null}},"17":{"start":{"line":37,"column":8},"end":{"line":37,"column":null}},"18":{"start":{"line":39,"column":21},"end":{"line":39,"column":88}},"19":{"start":{"line":40,"column":6},"end":{"line":41,"column":null}},"20":{"start":{"line":41,"column":8},"end":{"line":41,"column":null}},"21":{"start":{"line":43,"column":6},"end":{"line":43,"column":null}},"22":{"start":{"line":44,"column":6},"end":{"line":49,"column":null}},"23":{"start":{"line":45,"column":8},"end":{"line":45,"column":null}},"24":{"start":{"line":46,"column":8},"end":{"line":47,"column":null}},"25":{"start":{"line":47,"column":10},"end":{"line":47,"column":null}},"26":{"start":{"line":54,"column":8},"end":{"line":77,"column":null}},"27":{"start":{"line":56,"column":6},"end":{"line":57,"column":null}},"28":{"start":{"line":57,"column":8},"end":{"line":57,"column":null}},"29":{"start":{"line":59,"column":6},"end":{"line":59,"column":null}},"30":{"start":{"line":60,"column":6},"end":{"line":70,"column":null}},"31":{"start":{"line":61,"column":8},"end":{"line":61,"column":null}},"32":{"start":{"line":62,"column":20},"end":{"line":62,"column":null}},"33":{"start":{"line":63,"column":8},"end":{"line":68,"column":null}},"34":{"start":{"line":64,"column":10},"end":{"line":68,"column":null}},"35":{"start":{"line":71,"column":6},"end":{"line":75,"column":null}},"36":{"start":{"line":72,"column":8},"end":{"line":73,"column":null}},"37":{"start":{"line":73,"column":10},"end":{"line":73,"column":null}},"38":{"start":{"line":80,"column":2},"end":{"line":105,"column":null}},"39":{"start":{"line":81,"column":16},"end":{"line":81,"column":null}},"40":{"start":{"line":82,"column":4},"end":{"line":83,"column":null}},"41":{"start":{"line":83,"column":6},"end":{"line":83,"column":null}},"42":{"start":{"line":85,"column":4},"end":{"line":87,"column":null}},"43":{"start":{"line":86,"column":6},"end":{"line":86,"column":null}},"44":{"start":{"line":87,"column":6},"end":{"line":87,"column":null}},"45":{"start":{"line":89,"column":4},"end":{"line":91,"column":null}},"46":{"start":{"line":90,"column":6},"end":{"line":90,"column":null}},"47":{"start":{"line":91,"column":6},"end":{"line":91,"column":null}},"48":{"start":{"line":94,"column":17},"end":{"line":94,"column":57}},"49":{"start":{"line":94,"column":39},"end":{"line":94,"column":57}},"50":{"start":{"line":95,"column":17},"end":{"line":95,"column":57}},"51":{"start":{"line":95,"column":39},"end":{"line":95,"column":57}},"52":{"start":{"line":96,"column":19},"end":{"line":98,"column":null}},"53":{"start":{"line":100,"column":4},"end":{"line":104,"column":null}},"54":{"start":{"line":107,"column":2},"end":{"line":145,"column":null}},"55":{"start":{"line":122,"column":14},"end":{"line":141,"column":null}},"56":{"start":{"line":140,"column":52},"end":{"line":140,"column":null}}},"fnMap":{"0":{"name":"toPoint","decl":{"start":{"line":8,"column":9},"end":{"line":8,"column":17}},"loc":{"start":{"line":8,"column":29},"end":{"line":23,"column":null}},"line":8},"1":{"name":"YandexMap","decl":{"start":{"line":26,"column":24},"end":{"line":26,"column":34}},"loc":{"start":{"line":26,"column":76},"end":{"line":145,"column":null}},"line":26},"2":{"name":"(anonymous_2)","decl":{"start":{"line":30,"column":17},"end":{"line":30,"column":31}},"loc":{"start":{"line":30,"column":31},"end":{"line":30,"column":71}},"line":30},"3":{"name":"(anonymous_3)","decl":{"start":{"line":33,"column":28},"end":{"line":33,"column":null}},"loc":{"start":{"line":34,"column":15},"end":{"line":51,"column":5}},"line":34},"4":{"name":"(anonymous_4)","decl":{"start":{"line":44,"column":30},"end":{"line":44,"column":40}},"loc":{"start":{"line":44,"column":50},"end":{"line":49,"column":null}},"line":44},"5":{"name":"(anonymous_5)","decl":{"start":{"line":54,"column":30},"end":{"line":54,"column":null}},"loc":{"start":{"line":55,"column":34},"end":{"line":77,"column":5}},"line":55},"6":{"name":"(anonymous_6)","decl":{"start":{"line":60,"column":35},"end":{"line":60,"column":56}},"loc":{"start":{"line":60,"column":56},"end":{"line":70,"column":null}},"line":60},"7":{"name":"(anonymous_7)","decl":{"start":{"line":71,"column":35},"end":{"line":71,"column":50}},"loc":{"start":{"line":71,"column":50},"end":{"line":75,"column":null}},"line":71},"8":{"name":"(anonymous_8)","decl":{"start":{"line":80,"column":2},"end":{"line":80,"column":18}},"loc":{"start":{"line":80,"column":18},"end":{"line":105,"column":6}},"line":80},"9":{"name":"(anonymous_9)","decl":{"start":{"line":94,"column":24},"end":{"line":94,"column":29}},"loc":{"start":{"line":94,"column":39},"end":{"line":94,"column":57}},"line":94},"10":{"name":"(anonymous_10)","decl":{"start":{"line":95,"column":24},"end":{"line":95,"column":29}},"loc":{"start":{"line":95,"column":39},"end":{"line":95,"column":57}},"line":95},"11":{"name":"(anonymous_11)","decl":{"start":{"line":121,"column":20},"end":{"line":121,"column":25}},"loc":{"start":{"line":122,"column":14},"end":{"line":141,"column":null}},"line":122},"12":{"name":"(anonymous_12)","decl":{"start":{"line":140,"column":16},"end":{"line":140,"column":30}},"loc":{"start":{"line":140,"column":52},"end":{"line":140,"column":null}},"line":140}},"branchMap":{"0":{"loc":{"start":{"line":9,"column":21},"end":{"line":9,"column":61}},"type":"binary-expr","locations":[{"start":{"line":9,"column":21},"end":{"line":9,"column":40}},{"start":{"line":9,"column":40},"end":{"line":9,"column":61}}],"line":9},"1":{"loc":{"start":{"line":10,"column":21},"end":{"line":10,"column":62}},"type":"binary-expr","locations":[{"start":{"line":10,"column":21},"end":{"line":10,"column":40}},{"start":{"line":10,"column":40},"end":{"line":10,"column":62}}],"line":10},"2":{"loc":{"start":{"line":11,"column":2},"end":{"line":12,"column":null}},"type":"if","locations":[{"start":{"line":11,"column":2},"end":{"line":12,"column":null}},{"start":{},"end":{}}],"line":11},"3":{"loc":{"start":{"line":11,"column":6},"end":{"line":11,"column":52}},"type":"binary-expr","locations":[{"start":{"line":11,"column":6},"end":{"line":11,"column":27}},{"start":{"line":11,"column":31},"end":{"line":11,"column":52}}],"line":11},"4":{"loc":{"start":{"line":15,"column":8},"end":{"line":15,"column":null}},"type":"binary-expr","locations":[{"start":{"line":15,"column":8},"end":{"line":15,"column":26}},{"start":{"line":15,"column":26},"end":{"line":15,"column":null}}],"line":15},"5":{"loc":{"start":{"line":16,"column":37},"end":{"line":16,"column":91}},"type":"binary-expr","locations":[{"start":{"line":16,"column":37},"end":{"line":16,"column":55}},{"start":{"line":16,"column":55},"end":{"line":16,"column":91}}],"line":16},"6":{"loc":{"start":{"line":19,"column":10},"end":{"line":19,"column":null}},"type":"binary-expr","locations":[{"start":{"line":19,"column":10},"end":{"line":19,"column":30}},{"start":{"line":19,"column":30},"end":{"line":19,"column":null}}],"line":19},"7":{"loc":{"start":{"line":20,"column":13},"end":{"line":20,"column":null}},"type":"binary-expr","locations":[{"start":{"line":20,"column":13},"end":{"line":20,"column":36}},{"start":{"line":20,"column":36},"end":{"line":20,"column":null}}],"line":20},"8":{"loc":{"start":{"line":21,"column":17},"end":{"line":21,"column":null}},"type":"binary-expr","locations":[{"start":{"line":21,"column":17},"end":{"line":21,"column":44}},{"start":{"line":21,"column":44},"end":{"line":21,"column":null}}],"line":21},"9":{"loc":{"start":{"line":26,"column":36},"end":{"line":26,"column":52}},"type":"default-arg","locations":[{"start":{"line":26,"column":50},"end":{"line":26,"column":52}}],"line":26},"10":{"loc":{"start":{"line":31,"column":17},"end":{"line":31,"column":null}},"type":"binary-expr","locations":[{"start":{"line":31,"column":17},"end":{"line":31,"column":40}},{"start":{"line":31,"column":40},"end":{"line":31,"column":null}}],"line":31},"11":{"loc":{"start":{"line":36,"column":6},"end":{"line":37,"column":null}},"type":"if","locations":[{"start":{"line":36,"column":6},"end":{"line":37,"column":null}},{"start":{},"end":{}}],"line":36},"12":{"loc":{"start":{"line":40,"column":6},"end":{"line":41,"column":null}},"type":"if","locations":[{"start":{"line":40,"column":6},"end":{"line":41,"column":null}},{"start":{},"end":{}}],"line":40},"13":{"loc":{"start":{"line":40,"column":10},"end":{"line":40,"column":51}},"type":"binary-expr","locations":[{"start":{"line":40,"column":10},"end":{"line":40,"column":21}},{"start":{"line":40,"column":21},"end":{"line":40,"column":51}}],"line":40},"14":{"loc":{"start":{"line":46,"column":8},"end":{"line":47,"column":null}},"type":"if","locations":[{"start":{"line":46,"column":8},"end":{"line":47,"column":null}},{"start":{},"end":{}}],"line":46},"15":{"loc":{"start":{"line":56,"column":6},"end":{"line":57,"column":null}},"type":"if","locations":[{"start":{"line":56,"column":6},"end":{"line":57,"column":null}},{"start":{},"end":{}}],"line":56},"16":{"loc":{"start":{"line":56,"column":10},"end":{"line":56,"column":78}},"type":"binary-expr","locations":[{"start":{"line":56,"column":10},"end":{"line":56,"column":32}},{"start":{"line":56,"column":32},"end":{"line":56,"column":78}}],"line":56},"17":{"loc":{"start":{"line":63,"column":8},"end":{"line":68,"column":null}},"type":"if","locations":[{"start":{"line":63,"column":8},"end":{"line":68,"column":null}},{"start":{},"end":{}}],"line":63},"18":{"loc":{"start":{"line":72,"column":8},"end":{"line":73,"column":null}},"type":"if","locations":[{"start":{"line":72,"column":8},"end":{"line":73,"column":null}},{"start":{},"end":{}}],"line":72},"19":{"loc":{"start":{"line":82,"column":4},"end":{"line":83,"column":null}},"type":"if","locations":[{"start":{"line":82,"column":4},"end":{"line":83,"column":null}},{"start":{},"end":{}}],"line":82},"20":{"loc":{"start":{"line":85,"column":4},"end":{"line":87,"column":null}},"type":"if","locations":[{"start":{"line":85,"column":4},"end":{"line":87,"column":null}},{"start":{},"end":{}}],"line":85},"21":{"loc":{"start":{"line":89,"column":4},"end":{"line":91,"column":null}},"type":"if","locations":[{"start":{"line":89,"column":4},"end":{"line":91,"column":null}},{"start":{},"end":{}}],"line":89}},"s":{"0":2,"1":2,"2":2,"3":7,"4":7,"5":7,"6":3,"7":4,"8":13,"9":13,"10":13,"11":13,"12":7,"13":13,"14":13,"15":2,"16":2,"17":1,"18":1,"19":1,"20":0,"21":1,"22":1,"23":1,"24":1,"25":1,"26":13,"27":4,"28":0,"29":4,"30":4,"31":2,"32":2,"33":2,"34":2,"35":4,"36":1,"37":1,"38":13,"39":7,"40":7,"41":3,"42":4,"43":1,"44":1,"45":3,"46":2,"47":2,"48":1,"49":2,"50":1,"51":2,"52":1,"53":1,"54":13,"55":4,"56":4},"f":{"0":7,"1":13,"2":7,"3":2,"4":1,"5":4,"6":2,"7":1,"8":7,"9":2,"10":2,"11":4,"12":4},"b":{"0":[7,5],"1":[7,5],"2":[3,4],"3":[7,4],"4":[4,1],"5":[7,1],"6":[7,0],"7":[7,3],"8":[7,3],"9":[13],"10":[13,9],"11":[1,1],"12":[0,1],"13":[1,1],"14":[1,0],"15":[0,4],"16":[4,4],"17":[2,0],"18":[1,0],"19":[3,4],"20":[1,3],"21":[2,1]},"meta":{"lastBranch":22,"lastFunction":13,"lastStatement":57,"seen":{"s:4:22:4:44":0,"s:5:23:5:41":1,"s:6:21:6:Infinity":2,"f:8:9:8:17":0,"s:9:14:9:61":3,"b:9:21:9:40:9:40:9:61":0,"s:10:14:10:62":4,"b:10:21:10:40:10:40:10:62":1,"b:11:2:12:Infinity:undefined:undefined:undefined:undefined":2,"s:11:2:12:Infinity":5,"b:11:6:11:27:11:31:11:52":3,"s:12:4:12:Infinity":6,"s:14:2:23:Infinity":7,"b:15:8:15:26:15:26:15:Infinity":4,"b:16:37:16:55:16:55:16:91":5,"b:19:10:19:30:19:30:19:Infinity":6,"b:20:13:20:36:20:36:20:Infinity":7,"b:21:17:21:44:21:44:21:Infinity":8,"f:26:24:26:34":1,"b:26:50:26:52":9,"s:27:17:27:Infinity":8,"s:28:8:28:29":9,"s:29:8:29:47":10,"s:30:8:30:87":11,"f:30:17:30:31":2,"s:30:31:30:71":12,"s:31:17:31:Infinity":13,"b:31:17:31:40:31:40:31:Infinity":10,"s:33:8:51:Infinity":14,"f:33:28:33:Infinity":3,"s:35:27:35:68":15,"b:36:6:37:Infinity:undefined:undefined:undefined:undefined":11,"s:36:6:37:Infinity":16,"s:37:8:37:Infinity":17,"s:39:21:39:88":18,"b:40:6:41:Infinity:undefined:undefined:undefined:undefined":12,"s:40:6:41:Infinity":19,"b:40:10:40:21:40:21:40:51":13,"s:41:8:41:Infinity":20,"s:43:6:43:Infinity":21,"s:44:6:49:Infinity":22,"f:44:30:44:40":4,"s:45:8:45:Infinity":23,"b:46:8:47:Infinity:undefined:undefined:undefined:undefined":14,"s:46:8:47:Infinity":24,"s:47:10:47:Infinity":25,"s:54:8:77:Infinity":26,"f:54:30:54:Infinity":5,"b:56:6:57:Infinity:undefined:undefined:undefined:undefined":15,"s:56:6:57:Infinity":27,"b:56:10:56:32:56:32:56:78":16,"s:57:8:57:Infinity":28,"s:59:6:59:Infinity":29,"s:60:6:70:Infinity":30,"f:60:35:60:56":6,"s:61:8:61:Infinity":31,"s:62:20:62:Infinity":32,"b:63:8:68:Infinity:undefined:undefined:undefined:undefined":17,"s:63:8:68:Infinity":33,"s:64:10:68:Infinity":34,"s:71:6:75:Infinity":35,"f:71:35:71:50":7,"b:72:8:73:Infinity:undefined:undefined:undefined:undefined":18,"s:72:8:73:Infinity":36,"s:73:10:73:Infinity":37,"s:80:2:105:Infinity":38,"f:80:2:80:18":8,"s:81:16:81:Infinity":39,"b:82:4:83:Infinity:undefined:undefined:undefined:undefined":19,"s:82:4:83:Infinity":40,"s:83:6:83:Infinity":41,"b:85:4:87:Infinity:undefined:undefined:undefined:undefined":20,"s:85:4:87:Infinity":42,"s:86:6:86:Infinity":43,"s:87:6:87:Infinity":44,"b:89:4:91:Infinity:undefined:undefined:undefined:undefined":21,"s:89:4:91:Infinity":45,"s:90:6:90:Infinity":46,"s:91:6:91:Infinity":47,"s:94:17:94:57":48,"f:94:24:94:29":9,"s:94:39:94:57":49,"s:95:17:95:57":50,"f:95:24:95:29":10,"s:95:39:95:57":51,"s:96:19:98:Infinity":52,"s:100:4:104:Infinity":53,"s:107:2:145:Infinity":54,"f:121:20:121:25":11,"s:122:14:141:Infinity":55,"f:140:16:140:30":12,"s:140:52:140:Infinity":56}}}
,"C:\\Users\\alexa\\IdeaProjects\\fooddelivery\\frontend\\src\\context\\AuthContext.jsx": {"path":"C:\\Users\\alexa\\IdeaProjects\\fooddelivery\\frontend\\src\\context\\AuthContext.jsx","statementMap":{"0":{"start":{"line":16,"column":6},"end":{"line":16,"column":39}},"1":{"start":{"line":18,"column":18},"end":{"line":18,"column":null}},"2":{"start":{"line":21,"column":2},"end":{"line":29,"column":null}},"3":{"start":{"line":22,"column":4},"end":{"line":29,"column":null}},"4":{"start":{"line":31,"column":2},"end":{"line":39,"column":null}},"5":{"start":{"line":43,"column":2},"end":{"line":52,"column":null}},"6":{"start":{"line":45,"column":6},"end":{"line":45,"column":null}},"7":{"start":{"line":47,"column":6},"end":{"line":47,"column":null}},"8":{"start":{"line":49,"column":6},"end":{"line":49,"column":null}},"9":{"start":{"line":52,"column":6},"end":{"line":52,"column":null}},"10":{"start":{"line":57,"column":8},"end":{"line":57,"column":32}},"11":{"start":{"line":58,"column":15},"end":{"line":58,"column":40}},"12":{"start":{"line":59,"column":16},"end":{"line":59,"column":42}},"13":{"start":{"line":60,"column":19},"end":{"line":60,"column":48}},"14":{"start":{"line":61,"column":8},"end":{"line":61,"column":64}},"15":{"start":{"line":63,"column":26},"end":{"line":64,"column":null}},"16":{"start":{"line":66,"column":15},"end":{"line":66,"column":null}},"17":{"start":{"line":67,"column":20},"end":{"line":67,"column":null}},"18":{"start":{"line":68,"column":23},"end":{"line":68,"column":null}},"19":{"start":{"line":69,"column":29},"end":{"line":69,"column":null}},"20":{"start":{"line":70,"column":26},"end":{"line":70,"column":null}},"21":{"start":{"line":71,"column":24},"end":{"line":71,"column":null}},"22":{"start":{"line":72,"column":20},"end":{"line":72,"column":42}},"23":{"start":{"line":74,"column":8},"end":{"line":79,"column":8}},"24":{"start":{"line":75,"column":4},"end":{"line":75,"column":null}},"25":{"start":{"line":76,"column":4},"end":{"line":77,"column":null}},"26":{"start":{"line":77,"column":6},"end":{"line":77,"column":null}},"27":{"start":{"line":81,"column":8},"end":{"line":86,"column":27}},"28":{"start":{"line":82,"column":4},"end":{"line":82,"column":null}},"29":{"start":{"line":83,"column":4},"end":{"line":83,"column":null}},"30":{"start":{"line":84,"column":4},"end":{"line":84,"column":null}},"31":{"start":{"line":85,"column":4},"end":{"line":85,"column":null}},"32":{"start":{"line":88,"column":8},"end":{"line":93,"column":27}},"33":{"start":{"line":89,"column":4},"end":{"line":89,"column":null}},"34":{"start":{"line":90,"column":4},"end":{"line":90,"column":null}},"35":{"start":{"line":91,"column":4},"end":{"line":91,"column":null}},"36":{"start":{"line":92,"column":4},"end":{"line":92,"column":null}},"37":{"start":{"line":95,"column":8},"end":{"line":101,"column":37}},"38":{"start":{"line":96,"column":4},"end":{"line":96,"column":null}},"39":{"start":{"line":97,"column":4},"end":{"line":97,"column":null}},"40":{"start":{"line":98,"column":4},"end":{"line":98,"column":null}},"41":{"start":{"line":99,"column":4},"end":{"line":99,"column":null}},"42":{"start":{"line":100,"column":4},"end":{"line":100,"column":null}},"43":{"start":{"line":103,"column":2},"end":{"line":114,"column":null}},"44":{"start":{"line":104,"column":4},"end":{"line":110,"column":null}},"45":{"start":{"line":105,"column":22},"end":{"line":105,"column":null}},"46":{"start":{"line":106,"column":6},"end":{"line":107,"column":null}},"47":{"start":{"line":107,"column":8},"end":{"line":107,"column":null}},"48":{"start":{"line":109,"column":6},"end":{"line":109,"column":null}},"49":{"start":{"line":111,"column":4},"end":{"line":112,"column":null}},"50":{"start":{"line":112,"column":6},"end":{"line":112,"column":null}},"51":{"start":{"line":112,"column":36},"end":{"line":112,"column":41}},"52":{"start":{"line":116,"column":2},"end":{"line":119,"column":null}},"53":{"start":{"line":117,"column":4},"end":{"line":117,"column":null}},"54":{"start":{"line":118,"column":4},"end":{"line":118,"column":null}},"55":{"start":{"line":118,"column":4},"end":{"line":118,"column":52}},"56":{"start":{"line":121,"column":8},"end":{"line":149,"column":null}},"57":{"start":{"line":122,"column":11},"end":{"line":135,"column":null}},"58":{"start":{"line":152,"column":2},"end":{"line":153,"column":null}},"59":{"start":{"line":158,"column":8},"end":{"line":158,"column":37}},"60":{"start":{"line":159,"column":2},"end":{"line":160,"column":null}},"61":{"start":{"line":160,"column":4},"end":{"line":160,"column":null}},"62":{"start":{"line":162,"column":2},"end":{"line":162,"column":null}}},"fnMap":{"0":{"name":"normalizePrincipal","decl":{"start":{"line":20,"column":9},"end":{"line":20,"column":28}},"loc":{"start":{"line":20,"column":37},"end":{"line":39,"column":null}},"line":20},"1":{"name":"getRoleHomeRoute","decl":{"start":{"line":42,"column":16},"end":{"line":42,"column":33}},"loc":{"start":{"line":42,"column":39},"end":{"line":52,"column":null}},"line":42},"2":{"name":"AuthProvider","decl":{"start":{"line":56,"column":16},"end":{"line":56,"column":29}},"loc":{"start":{"line":56,"column":43},"end":{"line":153,"column":null}},"line":56},"3":{"name":"(anonymous_3)","decl":{"start":{"line":74,"column":30},"end":{"line":74,"column":43}},"loc":{"start":{"line":74,"column":71},"end":{"line":79,"column":7}},"line":74},"4":{"name":"(anonymous_4)","decl":{"start":{"line":81,"column":17},"end":{"line":81,"column":35}},"loc":{"start":{"line":81,"column":35},"end":{"line":86,"column":6}},"line":81},"5":{"name":"(anonymous_5)","decl":{"start":{"line":88,"column":31},"end":{"line":88,"column":44}},"loc":{"start":{"line":88,"column":82},"end":{"line":93,"column":6}},"line":88},"6":{"name":"(anonymous_6)","decl":{"start":{"line":95,"column":29},"end":{"line":95,"column":47}},"loc":{"start":{"line":95,"column":47},"end":{"line":101,"column":6}},"line":95},"7":{"name":"(anonymous_7)","decl":{"start":{"line":103,"column":2},"end":{"line":103,"column":18}},"loc":{"start":{"line":103,"column":18},"end":{"line":114,"column":7}},"line":103},"8":{"name":"(anonymous_8)","decl":{"start":{"line":104,"column":4},"end":{"line":104,"column":34}},"loc":{"start":{"line":104,"column":34},"end":{"line":110,"column":null}},"line":104},"9":{"name":"(anonymous_9)","decl":{"start":{"line":111,"column":4},"end":{"line":111,"column":17}},"loc":{"start":{"line":111,"column":17},"end":{"line":112,"column":null}},"line":111},"10":{"name":"(anonymous_10)","decl":{"start":{"line":112,"column":6},"end":{"line":112,"column":36}},"loc":{"start":{"line":112,"column":36},"end":{"line":112,"column":41}},"line":112},"11":{"name":"(anonymous_11)","decl":{"start":{"line":116,"column":2},"end":{"line":116,"column":18}},"loc":{"start":{"line":116,"column":18},"end":{"line":119,"column":6}},"line":116},"12":{"name":"(anonymous_12)","decl":{"start":{"line":118,"column":4},"end":{"line":118,"column":17}},"loc":{"start":{"line":118,"column":4},"end":{"line":118,"column":52}},"line":118},"13":{"name":"(anonymous_13)","decl":{"start":{"line":118,"column":17},"end":{"line":118,"column":49}},"loc":{"start":{"line":118,"column":49},"end":{"line":118,"column":52}},"line":118},"14":{"name":"(anonymous_14)","decl":{"start":{"line":121,"column":16},"end":{"line":121,"column":null}},"loc":{"start":{"line":122,"column":11},"end":{"line":135,"column":null}},"line":122},"15":{"name":"useAuth","decl":{"start":{"line":157,"column":16},"end":{"line":157,"column":26}},"loc":{"start":{"line":157,"column":26},"end":{"line":162,"column":null}},"line":157}},"branchMap":{"0":{"loc":{"start":{"line":21,"column":2},"end":{"line":29,"column":null}},"type":"if","locations":[{"start":{"line":21,"column":2},"end":{"line":29,"column":null}},{"start":{},"end":{}}],"line":21},"1":{"loc":{"start":{"line":21,"column":6},"end":{"line":21,"column":47}},"type":"binary-expr","locations":[{"start":{"line":21,"column":6},"end":{"line":21,"column":18}},{"start":{"line":21,"column":18},"end":{"line":21,"column":47}}],"line":21},"2":{"loc":{"start":{"line":33,"column":10},"end":{"line":33,"column":null}},"type":"cond-expr","locations":[{"start":{"line":33,"column":61},"end":{"line":33,"column":76}},{"start":{"line":33,"column":76},"end":{"line":33,"column":null}}],"line":33},"3":{"loc":{"start":{"line":33,"column":10},"end":{"line":33,"column":61}},"type":"binary-expr","locations":[{"start":{"line":33,"column":10},"end":{"line":33,"column":46}},{"start":{"line":33,"column":46},"end":{"line":33,"column":61}}],"line":33},"4":{"loc":{"start":{"line":34,"column":15},"end":{"line":34,"column":null}},"type":"binary-expr","locations":[{"start":{"line":34,"column":15},"end":{"line":34,"column":36}},{"start":{"line":34,"column":36},"end":{"line":34,"column":null}}],"line":34},"5":{"loc":{"start":{"line":35,"column":18},"end":{"line":35,"column":null}},"type":"binary-expr","locations":[{"start":{"line":35,"column":18},"end":{"line":35,"column":42}},{"start":{"line":35,"column":42},"end":{"line":35,"column":null}}],"line":35},"6":{"loc":{"start":{"line":36,"column":24},"end":{"line":36,"column":null}},"type":"binary-expr","locations":[{"start":{"line":36,"column":24},"end":{"line":36,"column":54}},{"start":{"line":36,"column":54},"end":{"line":36,"column":null}}],"line":36},"7":{"loc":{"start":{"line":37,"column":21},"end":{"line":37,"column":null}},"type":"binary-expr","locations":[{"start":{"line":37,"column":21},"end":{"line":37,"column":48}},{"start":{"line":37,"column":48},"end":{"line":37,"column":null}}],"line":37},"8":{"loc":{"start":{"line":38,"column":19},"end":{"line":38,"column":null}},"type":"binary-expr","locations":[{"start":{"line":38,"column":19},"end":{"line":38,"column":44}},{"start":{"line":38,"column":44},"end":{"line":38,"column":null}}],"line":38},"9":{"loc":{"start":{"line":43,"column":2},"end":{"line":52,"column":null}},"type":"switch","locations":[{"start":{"line":44,"column":4},"end":{"line":45,"column":null}},{"start":{"line":46,"column":4},"end":{"line":47,"column":null}},{"start":{"line":48,"column":4},"end":{"line":49,"column":null}},{"start":{"line":50,"column":4},"end":{"line":50,"column":null}},{"start":{"line":51,"column":4},"end":{"line":52,"column":null}}],"line":43},"10":{"loc":{"start":{"line":64,"column":4},"end":{"line":64,"column":null}},"type":"binary-expr","locations":[{"start":{"line":64,"column":4},"end":{"line":64,"column":13}},{"start":{"line":64,"column":13},"end":{"line":64,"column":33}},{"start":{"line":64,"column":33},"end":{"line":64,"column":null}}],"line":64},"11":{"loc":{"start":{"line":66,"column":15},"end":{"line":66,"column":null}},"type":"binary-expr","locations":[{"start":{"line":66,"column":15},"end":{"line":66,"column":29}},{"start":{"line":66,"column":29},"end":{"line":66,"column":null}}],"line":66},"12":{"loc":{"start":{"line":67,"column":20},"end":{"line":67,"column":null}},"type":"binary-expr","locations":[{"start":{"line":67,"column":20},"end":{"line":67,"column":39}},{"start":{"line":67,"column":39},"end":{"line":67,"column":null}}],"line":67},"13":{"loc":{"start":{"line":68,"column":23},"end":{"line":68,"column":null}},"type":"binary-expr","locations":[{"start":{"line":68,"column":23},"end":{"line":68,"column":45}},{"start":{"line":68,"column":45},"end":{"line":68,"column":null}}],"line":68},"14":{"loc":{"start":{"line":69,"column":29},"end":{"line":69,"column":null}},"type":"binary-expr","locations":[{"start":{"line":69,"column":29},"end":{"line":69,"column":57}},{"start":{"line":69,"column":57},"end":{"line":69,"column":null}}],"line":69},"15":{"loc":{"start":{"line":70,"column":26},"end":{"line":70,"column":null}},"type":"binary-expr","locations":[{"start":{"line":70,"column":26},"end":{"line":70,"column":51}},{"start":{"line":70,"column":51},"end":{"line":70,"column":null}}],"line":70},"16":{"loc":{"start":{"line":71,"column":24},"end":{"line":71,"column":null}},"type":"binary-expr","locations":[{"start":{"line":71,"column":24},"end":{"line":71,"column":47}},{"start":{"line":71,"column":47},"end":{"line":71,"column":null}}],"line":71},"17":{"loc":{"start":{"line":76,"column":4},"end":{"line":77,"column":null}},"type":"if","locations":[{"start":{"line":76,"column":4},"end":{"line":77,"column":null}},{"start":{},"end":{}}],"line":76},"18":{"loc":{"start":{"line":76,"column":8},"end":{"line":76,"column":81}},"type":"binary-expr","locations":[{"start":{"line":76,"column":8},"end":{"line":76,"column":22}},{"start":{"line":76,"column":22},"end":{"line":76,"column":46}},{"start":{"line":76,"column":46},"end":{"line":76,"column":81}}],"line":76},"19":{"loc":{"start":{"line":90,"column":13},"end":{"line":90,"column":31}},"type":"binary-expr","locations":[{"start":{"line":90,"column":13},"end":{"line":90,"column":26}},{"start":{"line":90,"column":26},"end":{"line":90,"column":31}}],"line":90},"20":{"loc":{"start":{"line":91,"column":16},"end":{"line":91,"column":37}},"type":"binary-expr","locations":[{"start":{"line":91,"column":16},"end":{"line":91,"column":32}},{"start":{"line":91,"column":32},"end":{"line":91,"column":37}}],"line":91},"21":{"loc":{"start":{"line":92,"column":24},"end":{"line":92,"column":43}},"type":"binary-expr","locations":[{"start":{"line":92,"column":24},"end":{"line":92,"column":37}},{"start":{"line":92,"column":37},"end":{"line":92,"column":43}}],"line":92},"22":{"loc":{"start":{"line":92,"column":43},"end":{"line":92,"column":64}},"type":"binary-expr","locations":[{"start":{"line":92,"column":43},"end":{"line":92,"column":59}},{"start":{"line":92,"column":59},"end":{"line":92,"column":64}}],"line":92},"23":{"loc":{"start":{"line":106,"column":6},"end":{"line":107,"column":null}},"type":"if","locations":[{"start":{"line":106,"column":6},"end":{"line":107,"column":null}},{"start":{},"end":{}}],"line":106},"24":{"loc":{"start":{"line":106,"column":10},"end":{"line":106,"column":95}},"type":"binary-expr","locations":[{"start":{"line":106,"column":10},"end":{"line":106,"column":28}},{"start":{"line":106,"column":28},"end":{"line":106,"column":56}},{"start":{"line":106,"column":56},"end":{"line":106,"column":95}}],"line":106},"25":{"loc":{"start":{"line":159,"column":2},"end":{"line":160,"column":null}},"type":"if","locations":[{"start":{"line":159,"column":2},"end":{"line":160,"column":null}},{"start":{},"end":{}}],"line":159}},"s":{"0":1,"1":1,"2":3,"3":0,"4":3,"5":14,"6":2,"7":1,"8":1,"9":10,"10":10,"11":10,"12":10,"13":10,"14":10,"15":10,"16":10,"17":10,"18":10,"19":10,"20":10,"21":10,"22":10,"23":10,"24":5,"25":5,"26":2,"27":10,"28":1,"29":1,"30":1,"31":1,"32":10,"33":3,"34":3,"35":3,"36":3,"37":10,"38":1,"39":1,"40":1,"41":1,"42":1,"43":10,"44":4,"45":1,"46":1,"47":0,"48":1,"49":4,"50":4,"51":0,"52":10,"53":5,"54":5,"55":5,"56":10,"57":9,"58":10,"59":9,"60":9,"61":0,"62":9},"f":{"0":3,"1":14,"2":10,"3":5,"4":1,"5":3,"6":1,"7":4,"8":1,"9":4,"10":0,"11":5,"12":5,"13":0,"14":9,"15":9},"b":{"0":[0,3],"1":[3,3],"2":[3,0],"3":[3,3],"4":[3,3],"5":[3,3],"6":[3,3],"7":[3,3],"8":[3,2],"9":[2,1,1,9,10],"10":[10,3,3],"11":[10,6],"12":[10,9],"13":[10,9],"14":[10,9],"15":[10,9],"16":[10,8],"17":[2,3],"18":[5,3,3],"19":[3,0],"20":[3,0],"21":[3,0],"22":[3,0],"23":[0,1],"24":[1,1,1],"25":[0,9]},"meta":{"lastBranch":26,"lastFunction":16,"lastStatement":63,"seen":{"s:16:6:16:39":0,"s:18:18:18:Infinity":1,"f:20:9:20:28":0,"b:21:2:29:Infinity:undefined:undefined:undefined:undefined":0,"s:21:2:29:Infinity":2,"b:21:6:21:18:21:18:21:47":1,"s:22:4:29:Infinity":3,"s:31:2:39:Infinity":4,"b:33:61:33:76:33:76:33:Infinity":2,"b:33:10:33:46:33:46:33:61":3,"b:34:15:34:36:34:36:34:Infinity":4,"b:35:18:35:42:35:42:35:Infinity":5,"b:36:24:36:54:36:54:36:Infinity":6,"b:37:21:37:48:37:48:37:Infinity":7,"b:38:19:38:44:38:44:38:Infinity":8,"f:42:16:42:33":1,"b:44:4:45:Infinity:46:4:47:Infinity:48:4:49:Infinity:50:4:50:Infinity:51:4:52:Infinity":9,"s:43:2:52:Infinity":5,"s:45:6:45:Infinity":6,"s:47:6:47:Infinity":7,"s:49:6:49:Infinity":8,"s:52:6:52:Infinity":9,"f:56:16:56:29":2,"s:57:8:57:32":10,"s:58:15:58:40":11,"s:59:16:59:42":12,"s:60:19:60:48":13,"s:61:8:61:64":14,"s:63:26:64:Infinity":15,"b:64:4:64:13:64:13:64:33:64:33:64:Infinity":10,"s:66:15:66:Infinity":16,"b:66:15:66:29:66:29:66:Infinity":11,"s:67:20:67:Infinity":17,"b:67:20:67:39:67:39:67:Infinity":12,"s:68:23:68:Infinity":18,"b:68:23:68:45:68:45:68:Infinity":13,"s:69:29:69:Infinity":19,"b:69:29:69:57:69:57:69:Infinity":14,"s:70:26:70:Infinity":20,"b:70:26:70:51:70:51:70:Infinity":15,"s:71:24:71:Infinity":21,"b:71:24:71:47:71:47:71:Infinity":16,"s:72:20:72:42":22,"s:74:8:79:8":23,"f:74:30:74:43":3,"s:75:4:75:Infinity":24,"b:76:4:77:Infinity:undefined:undefined:undefined:undefined":17,"s:76:4:77:Infinity":25,"b:76:8:76:22:76:22:76:46:76:46:76:81":18,"s:77:6:77:Infinity":26,"s:81:8:86:27":27,"f:81:17:81:35":4,"s:82:4:82:Infinity":28,"s:83:4:83:Infinity":29,"s:84:4:84:Infinity":30,"s:85:4:85:Infinity":31,"s:88:8:93:27":32,"f:88:31:88:44":5,"s:89:4:89:Infinity":33,"s:90:4:90:Infinity":34,"b:90:13:90:26:90:26:90:31":19,"s:91:4:91:Infinity":35,"b:91:16:91:32:91:32:91:37":20,"s:92:4:92:Infinity":36,"b:92:24:92:37:92:37:92:43":21,"b:92:43:92:59:92:59:92:64":22,"s:95:8:101:37":37,"f:95:29:95:47":6,"s:96:4:96:Infinity":38,"s:97:4:97:Infinity":39,"s:98:4:98:Infinity":40,"s:99:4:99:Infinity":41,"s:100:4:100:Infinity":42,"s:103:2:114:Infinity":43,"f:103:2:103:18":7,"s:104:4:110:Infinity":44,"f:104:4:104:34":8,"s:105:22:105:Infinity":45,"b:106:6:107:Infinity:undefined:undefined:undefined:undefined":23,"s:106:6:107:Infinity":46,"b:106:10:106:28:106:28:106:56:106:56:106:95":24,"s:107:8:107:Infinity":47,"s:109:6:109:Infinity":48,"s:111:4:112:Infinity":49,"f:111:4:111:17":9,"s:112:6:112:Infinity":50,"f:112:6:112:36":10,"s:112:36:112:41":51,"s:116:2:119:Infinity":52,"f:116:2:116:18":11,"s:117:4:117:Infinity":53,"s:118:4:118:Infinity":54,"f:118:4:118:17":12,"s:118:4:118:52":55,"f:118:17:118:49":13,"s:121:8:149:Infinity":56,"f:121:16:121:Infinity":14,"s:122:11:135:Infinity":57,"s:152:2:153:Infinity":58,"f:157:16:157:26":15,"s:158:8:158:37":59,"b:159:2:160:Infinity:undefined:undefined:undefined:undefined":25,"s:159:2:160:Infinity":60,"s:160:4:160:Infinity":61,"s:162:2:162:Infinity":62}}}
,"C:\\Users\\alexa\\IdeaProjects\\fooddelivery\\frontend\\src\\pages\\AdminDashboardPage.jsx": {"path":"C:\\Users\\alexa\\IdeaProjects\\fooddelivery\\frontend\\src\\pages\\AdminDashboardPage.jsx","statementMap":{"0":{"start":{"line":12,"column":12},"end":{"line":12,"column":25}},"1":{"start":{"line":13,"column":2},"end":{"line":13,"column":null}},"2":{"start":{"line":13,"column":27},"end":{"line":13,"column":null}},"3":{"start":{"line":14,"column":2},"end":{"line":14,"column":null}},"4":{"start":{"line":18,"column":2},"end":{"line":18,"column":null}},"5":{"start":{"line":18,"column":14},"end":{"line":18,"column":null}},"6":{"start":{"line":19,"column":12},"end":{"line":19,"column":27}},"7":{"start":{"line":20,"column":2},"end":{"line":20,"column":null}},"8":{"start":{"line":20,"column":33},"end":{"line":20,"column":null}},"9":{"start":{"line":21,"column":2},"end":{"line":21,"column":null}},"10":{"start":{"line":25,"column":25},"end":{"line":25,"column":65}},"11":{"start":{"line":26,"column":23},"end":{"line":26,"column":61}},"12":{"start":{"line":27,"column":24},"end":{"line":27,"column":63}},"13":{"start":{"line":28,"column":22},"end":{"line":28,"column":59}},"14":{"start":{"line":29,"column":19},"end":{"line":29,"column":46}},"15":{"start":{"line":30,"column":17},"end":{"line":30,"column":42}},"16":{"start":{"line":31,"column":25},"end":{"line":31,"column":58}},"17":{"start":{"line":32,"column":16},"end":{"line":32,"column":42}},"18":{"start":{"line":33,"column":16},"end":{"line":33,"column":40}},"19":{"start":{"line":34,"column":25},"end":{"line":34,"column":58}},"20":{"start":{"line":35,"column":28},"end":{"line":35,"column":66}},"21":{"start":{"line":36,"column":27},"end":{"line":36,"column":64}},"22":{"start":{"line":37,"column":21},"end":{"line":37,"column":50}},"23":{"start":{"line":38,"column":21},"end":{"line":38,"column":53}},"24":{"start":{"line":39,"column":23},"end":{"line":39,"column":57}},"25":{"start":{"line":41,"column":8},"end":{"line":52,"column":54}},"26":{"start":{"line":42,"column":14},"end":{"line":42,"column":45}},"27":{"start":{"line":43,"column":4},"end":{"line":51,"column":null}},"28":{"start":{"line":45,"column":8},"end":{"line":45,"column":null}},"29":{"start":{"line":45,"column":61},"end":{"line":45,"column":null}},"30":{"start":{"line":46,"column":8},"end":{"line":46,"column":null}},"31":{"start":{"line":46,"column":59},"end":{"line":46,"column":null}},"32":{"start":{"line":47,"column":8},"end":{"line":47,"column":null}},"33":{"start":{"line":47,"column":52},"end":{"line":47,"column":null}},"34":{"start":{"line":48,"column":8},"end":{"line":48,"column":null}},"35":{"start":{"line":48,"column":53},"end":{"line":48,"column":null}},"36":{"start":{"line":49,"column":8},"end":{"line":49,"column":null}},"37":{"start":{"line":51,"column":22},"end":{"line":51,"column":49}},"38":{"start":{"line":54,"column":8},"end":{"line":56,"column":null}},"39":{"start":{"line":55,"column":10},"end":{"line":55,"column":65}},"40":{"start":{"line":55,"column":37},"end":{"line":55,"column":64}},"41":{"start":{"line":59,"column":8},"end":{"line":61,"column":null}},"42":{"start":{"line":60,"column":10},"end":{"line":60,"column":73}},"43":{"start":{"line":60,"column":45},"end":{"line":60,"column":72}},"44":{"start":{"line":64,"column":2},"end":{"line":106,"column":null}},"45":{"start":{"line":65,"column":20},"end":{"line":65,"column":null}},"46":{"start":{"line":67,"column":6},"end":{"line":67,"column":null}},"47":{"start":{"line":68,"column":6},"end":{"line":68,"column":null}},"48":{"start":{"line":69,"column":6},"end":{"line":69,"column":null}},"49":{"start":{"line":70,"column":6},"end":{"line":70,"column":null}},"50":{"start":{"line":71,"column":6},"end":{"line":71,"column":null}},"51":{"start":{"line":72,"column":6},"end":{"line":72,"column":null}},"52":{"start":{"line":73,"column":6},"end":{"line":99,"column":null}},"53":{"start":{"line":74,"column":67},"end":{"line":79,"column":10}},"54":{"start":{"line":80,"column":8},"end":{"line":80,"column":null}},"55":{"start":{"line":80,"column":23},"end":{"line":80,"column":null}},"56":{"start":{"line":81,"column":8},"end":{"line":81,"column":null}},"57":{"start":{"line":82,"column":8},"end":{"line":82,"column":null}},"58":{"start":{"line":83,"column":8},"end":{"line":83,"column":null}},"59":{"start":{"line":84,"column":8},"end":{"line":84,"column":null}},"60":{"start":{"line":85,"column":8},"end":{"line":85,"column":null}},"61":{"start":{"line":86,"column":8},"end":{"line":86,"column":null}},"62":{"start":{"line":87,"column":8},"end":{"line":87,"column":null}},"63":{"start":{"line":88,"column":8},"end":{"line":88,"column":null}},"64":{"start":{"line":90,"column":8},"end":{"line":90,"column":null}},"65":{"start":{"line":90,"column":23},"end":{"line":90,"column":null}},"66":{"start":{"line":91,"column":8},"end":{"line":91,"column":null}},"67":{"start":{"line":92,"column":8},"end":{"line":92,"column":null}},"68":{"start":{"line":93,"column":8},"end":{"line":93,"column":null}},"69":{"start":{"line":94,"column":8},"end":{"line":94,"column":null}},"70":{"start":{"line":95,"column":8},"end":{"line":95,"column":null}},"71":{"start":{"line":96,"column":8},"end":{"line":96,"column":null}},"72":{"start":{"line":97,"column":8},"end":{"line":97,"column":null}},"73":{"start":{"line":98,"column":8},"end":{"line":98,"column":null}},"74":{"start":{"line":99,"column":8},"end":{"line":99,"column":null}},"75":{"start":{"line":102,"column":4},"end":{"line":102,"column":null}},"76":{"start":{"line":103,"column":4},"end":{"line":104,"column":null}},"77":{"start":{"line":104,"column":6},"end":{"line":104,"column":null}},"78":{"start":{"line":109,"column":4},"end":{"line":109,"column":null}},"79":{"start":{"line":110,"column":4},"end":{"line":110,"column":null}},"80":{"start":{"line":111,"column":4},"end":{"line":111,"column":null}},"81":{"start":{"line":112,"column":4},"end":{"line":123,"column":null}},"82":{"start":{"line":113,"column":22},"end":{"line":113,"column":87}},"83":{"start":{"line":114,"column":6},"end":{"line":114,"column":null}},"84":{"start":{"line":114,"column":28},"end":{"line":114,"column":80}},"85":{"start":{"line":114,"column":45},"end":{"line":114,"column":80}},"86":{"start":{"line":115,"column":6},"end":{"line":119,"column":null}},"87":{"start":{"line":121,"column":6},"end":{"line":121,"column":null}},"88":{"start":{"line":123,"column":6},"end":{"line":123,"column":null}},"89":{"start":{"line":128,"column":4},"end":{"line":133,"column":null}},"90":{"start":{"line":133,"column":6},"end":{"line":133,"column":null}},"91":{"start":{"line":135,"column":4},"end":{"line":135,"column":null}},"92":{"start":{"line":136,"column":4},"end":{"line":136,"column":null}},"93":{"start":{"line":137,"column":4},"end":{"line":137,"column":null}},"94":{"start":{"line":138,"column":4},"end":{"line":145,"column":null}},"95":{"start":{"line":139,"column":6},"end":{"line":139,"column":null}},"96":{"start":{"line":140,"column":6},"end":{"line":140,"column":null}},"97":{"start":{"line":140,"column":34},"end":{"line":140,"column":72}},"98":{"start":{"line":140,"column":53},"end":{"line":140,"column":72}},"99":{"start":{"line":141,"column":6},"end":{"line":141,"column":null}},"100":{"start":{"line":143,"column":6},"end":{"line":143,"column":null}},"101":{"start":{"line":145,"column":6},"end":{"line":145,"column":null}},"102":{"start":{"line":149,"column":2},"end":{"line":379,"column":null}},"103":{"start":{"line":212,"column":44},"end":{"line":212,"column":66}},"104":{"start":{"line":222,"column":82},"end":{"line":222,"column":100}},"105":{"start":{"line":228,"column":33},"end":{"line":228,"column":62}},"106":{"start":{"line":234,"column":58},"end":{"line":234,"column":87}},"107":{"start":{"line":244,"column":60},"end":{"line":244,"column":91}},"108":{"start":{"line":269,"column":14},"end":{"line":296,"column":null}},"109":{"start":{"line":286,"column":35},"end":{"line":286,"column":69}},"110":{"start":{"line":319,"column":14},"end":{"line":342,"column":null}},"111":{"start":{"line":336,"column":35},"end":{"line":336,"column":65}},"112":{"start":{"line":365,"column":14},"end":{"line":377,"column":null}}},"fnMap":{"0":{"name":"asCurrency","decl":{"start":{"line":11,"column":9},"end":{"line":11,"column":20}},"loc":{"start":{"line":11,"column":27},"end":{"line":14,"column":null}},"line":11},"1":{"name":"asDate","decl":{"start":{"line":17,"column":9},"end":{"line":17,"column":16}},"loc":{"start":{"line":17,"column":23},"end":{"line":21,"column":null}},"line":17},"2":{"name":"AdminDashboardPage","decl":{"start":{"line":24,"column":24},"end":{"line":24,"column":45}},"loc":{"start":{"line":24,"column":45},"end":{"line":379,"column":null}},"line":24},"3":{"name":"(anonymous_3)","decl":{"start":{"line":41,"column":25},"end":{"line":41,"column":39}},"loc":{"start":{"line":41,"column":39},"end":{"line":52,"column":6}},"line":41},"4":{"name":"(anonymous_4)","decl":{"start":{"line":44,"column":7},"end":{"line":44,"column":15}},"loc":{"start":{"line":44,"column":21},"end":{"line":50,"column":null}},"line":44},"5":{"name":"(anonymous_5)","decl":{"start":{"line":51,"column":7},"end":{"line":51,"column":13}},"loc":{"start":{"line":51,"column":22},"end":{"line":51,"column":49}},"line":51},"6":{"name":"(anonymous_6)","decl":{"start":{"line":54,"column":23},"end":{"line":54,"column":null}},"loc":{"start":{"line":55,"column":10},"end":{"line":55,"column":65}},"line":55},"7":{"name":"(anonymous_7)","decl":{"start":{"line":55,"column":22},"end":{"line":55,"column":28}},"loc":{"start":{"line":55,"column":37},"end":{"line":55,"column":64}},"line":55},"8":{"name":"(anonymous_8)","decl":{"start":{"line":59,"column":31},"end":{"line":59,"column":null}},"loc":{"start":{"line":60,"column":10},"end":{"line":60,"column":73}},"line":60},"9":{"name":"(anonymous_9)","decl":{"start":{"line":60,"column":30},"end":{"line":60,"column":36}},"loc":{"start":{"line":60,"column":45},"end":{"line":60,"column":72}},"line":60},"10":{"name":"(anonymous_10)","decl":{"start":{"line":64,"column":2},"end":{"line":64,"column":18}},"loc":{"start":{"line":64,"column":18},"end":{"line":106,"column":7}},"line":64},"11":{"name":"load","decl":{"start":{"line":66,"column":19},"end":{"line":66,"column":26}},"loc":{"start":{"line":66,"column":26},"end":{"line":99,"column":null}},"line":66},"12":{"name":"(anonymous_12)","decl":{"start":{"line":103,"column":4},"end":{"line":103,"column":17}},"loc":{"start":{"line":103,"column":17},"end":{"line":104,"column":null}},"line":103},"13":{"name":"handleToggleAccountActive","decl":{"start":{"line":108,"column":17},"end":{"line":108,"column":43}},"loc":{"start":{"line":108,"column":52},"end":{"line":123,"column":null}},"line":108},"14":{"name":"(anonymous_14)","decl":{"start":{"line":114,"column":6},"end":{"line":114,"column":19}},"loc":{"start":{"line":114,"column":28},"end":{"line":114,"column":80}},"line":114},"15":{"name":"(anonymous_15)","decl":{"start":{"line":114,"column":33},"end":{"line":114,"column":38}},"loc":{"start":{"line":114,"column":45},"end":{"line":114,"column":80}},"line":114},"16":{"name":"handleDeleteCourierReview","decl":{"start":{"line":127,"column":17},"end":{"line":127,"column":43}},"loc":{"start":{"line":127,"column":51},"end":{"line":145,"column":null}},"line":127},"17":{"name":"(anonymous_17)","decl":{"start":{"line":140,"column":6},"end":{"line":140,"column":25}},"loc":{"start":{"line":140,"column":34},"end":{"line":140,"column":72}},"line":140},"18":{"name":"(anonymous_18)","decl":{"start":{"line":140,"column":39},"end":{"line":140,"column":47}},"loc":{"start":{"line":140,"column":53},"end":{"line":140,"column":72}},"line":140},"19":{"name":"(anonymous_19)","decl":{"start":{"line":212,"column":19},"end":{"line":212,"column":24}},"loc":{"start":{"line":212,"column":44},"end":{"line":212,"column":66}},"line":212},"20":{"name":"(anonymous_20)","decl":{"start":{"line":222,"column":65},"end":{"line":222,"column":76}},"loc":{"start":{"line":222,"column":82},"end":{"line":222,"column":100}},"line":222},"21":{"name":"(anonymous_21)","decl":{"start":{"line":228,"column":16},"end":{"line":228,"column":27}},"loc":{"start":{"line":228,"column":33},"end":{"line":228,"column":62}},"line":228},"22":{"name":"(anonymous_22)","decl":{"start":{"line":234,"column":41},"end":{"line":234,"column":52}},"loc":{"start":{"line":234,"column":58},"end":{"line":234,"column":87}},"line":234},"23":{"name":"(anonymous_23)","decl":{"start":{"line":244,"column":43},"end":{"line":244,"column":54}},"loc":{"start":{"line":244,"column":60},"end":{"line":244,"column":91}},"line":244},"24":{"name":"(anonymous_24)","decl":{"start":{"line":268,"column":28},"end":{"line":268,"column":33}},"loc":{"start":{"line":269,"column":14},"end":{"line":296,"column":null}},"line":269},"25":{"name":"(anonymous_25)","decl":{"start":{"line":286,"column":20},"end":{"line":286,"column":35}},"loc":{"start":{"line":286,"column":35},"end":{"line":286,"column":69}},"line":286},"26":{"name":"(anonymous_26)","decl":{"start":{"line":318,"column":34},"end":{"line":318,"column":39}},"loc":{"start":{"line":319,"column":14},"end":{"line":342,"column":null}},"line":319},"27":{"name":"(anonymous_27)","decl":{"start":{"line":336,"column":20},"end":{"line":336,"column":35}},"loc":{"start":{"line":336,"column":35},"end":{"line":336,"column":65}},"line":336},"28":{"name":"(anonymous_28)","decl":{"start":{"line":364,"column":26},"end":{"line":364,"column":31}},"loc":{"start":{"line":365,"column":14},"end":{"line":377,"column":null}},"line":365}},"branchMap":{"0":{"loc":{"start":{"line":13,"column":2},"end":{"line":13,"column":null}},"type":"if","locations":[{"start":{"line":13,"column":2},"end":{"line":13,"column":null}},{"start":{},"end":{}}],"line":13},"1":{"loc":{"start":{"line":18,"column":2},"end":{"line":18,"column":null}},"type":"if","locations":[{"start":{"line":18,"column":2},"end":{"line":18,"column":null}},{"start":{},"end":{}}],"line":18},"2":{"loc":{"start":{"line":20,"column":2},"end":{"line":20,"column":null}},"type":"if","locations":[{"start":{"line":20,"column":2},"end":{"line":20,"column":null}},{"start":{},"end":{}}],"line":20},"3":{"loc":{"start":{"line":45,"column":8},"end":{"line":45,"column":null}},"type":"if","locations":[{"start":{"line":45,"column":8},"end":{"line":45,"column":null}},{"start":{},"end":{}}],"line":45},"4":{"loc":{"start":{"line":45,"column":12},"end":{"line":45,"column":59}},"type":"binary-expr","locations":[{"start":{"line":45,"column":12},"end":{"line":45,"column":17}},{"start":{"line":45,"column":17},"end":{"line":45,"column":59}}],"line":45},"5":{"loc":{"start":{"line":45,"column":19},"end":{"line":45,"column":34}},"type":"binary-expr","locations":[{"start":{"line":45,"column":19},"end":{"line":45,"column":30}},{"start":{"line":45,"column":30},"end":{"line":45,"column":34}}],"line":45},"6":{"loc":{"start":{"line":46,"column":8},"end":{"line":46,"column":null}},"type":"if","locations":[{"start":{"line":46,"column":8},"end":{"line":46,"column":null}},{"start":{},"end":{}}],"line":46},"7":{"loc":{"start":{"line":46,"column":12},"end":{"line":46,"column":59}},"type":"binary-expr","locations":[{"start":{"line":46,"column":12},"end":{"line":46,"column":36}},{"start":{"line":46,"column":36},"end":{"line":46,"column":59}}],"line":46},"8":{"loc":{"start":{"line":47,"column":8},"end":{"line":47,"column":null}},"type":"if","locations":[{"start":{"line":47,"column":8},"end":{"line":47,"column":null}},{"start":{},"end":{}}],"line":47},"9":{"loc":{"start":{"line":47,"column":12},"end":{"line":47,"column":52}},"type":"binary-expr","locations":[{"start":{"line":47,"column":12},"end":{"line":47,"column":41}},{"start":{"line":47,"column":41},"end":{"line":47,"column":52}}],"line":47},"10":{"loc":{"start":{"line":48,"column":8},"end":{"line":48,"column":null}},"type":"if","locations":[{"start":{"line":48,"column":8},"end":{"line":48,"column":null}},{"start":{},"end":{}}],"line":48},"11":{"loc":{"start":{"line":48,"column":12},"end":{"line":48,"column":53}},"type":"binary-expr","locations":[{"start":{"line":48,"column":12},"end":{"line":48,"column":43}},{"start":{"line":48,"column":43},"end":{"line":48,"column":53}}],"line":48},"12":{"loc":{"start":{"line":80,"column":8},"end":{"line":80,"column":null}},"type":"if","locations":[{"start":{"line":80,"column":8},"end":{"line":80,"column":null}},{"start":{},"end":{}}],"line":80},"13":{"loc":{"start":{"line":90,"column":8},"end":{"line":90,"column":null}},"type":"if","locations":[{"start":{"line":90,"column":8},"end":{"line":90,"column":null}},{"start":{},"end":{}}],"line":90},"14":{"loc":{"start":{"line":99,"column":17},"end":{"line":99,"column":67}},"type":"binary-expr","locations":[{"start":{"line":99,"column":17},"end":{"line":99,"column":31}},{"start":{"line":99,"column":31},"end":{"line":99,"column":67}}],"line":99},"15":{"loc":{"start":{"line":114,"column":45},"end":{"line":114,"column":80}},"type":"cond-expr","locations":[{"start":{"line":114,"column":67},"end":{"line":114,"column":77}},{"start":{"line":114,"column":77},"end":{"line":114,"column":80}}],"line":114},"16":{"loc":{"start":{"line":116,"column":8},"end":{"line":118,"column":null}},"type":"cond-expr","locations":[{"start":{"line":117,"column":12},"end":{"line":117,"column":null}},{"start":{"line":118,"column":12},"end":{"line":118,"column":null}}],"line":116},"17":{"loc":{"start":{"line":121,"column":15},"end":{"line":121,"column":67}},"type":"binary-expr","locations":[{"start":{"line":121,"column":15},"end":{"line":121,"column":29}},{"start":{"line":121,"column":29},"end":{"line":121,"column":67}}],"line":121},"18":{"loc":{"start":{"line":128,"column":4},"end":{"line":133,"column":null}},"type":"if","locations":[{"start":{"line":128,"column":4},"end":{"line":133,"column":null}},{"start":{},"end":{}}],"line":128},"19":{"loc":{"start":{"line":143,"column":15},"end":{"line":143,"column":56}},"type":"binary-expr","locations":[{"start":{"line":143,"column":15},"end":{"line":143,"column":29}},{"start":{"line":143,"column":29},"end":{"line":143,"column":56}}],"line":143},"20":{"loc":{"start":{"line":153,"column":7},"end":{"line":156,"column":null}},"type":"binary-expr","locations":[{"start":{"line":153,"column":7},"end":{"line":153,"column":null}},{"start":{"line":154,"column":8},"end":{"line":156,"column":null}}],"line":153},"21":{"loc":{"start":{"line":158,"column":7},"end":{"line":161,"column":null}},"type":"binary-expr","locations":[{"start":{"line":158,"column":7},"end":{"line":158,"column":null}},{"start":{"line":159,"column":8},"end":{"line":161,"column":null}}],"line":158},"22":{"loc":{"start":{"line":166,"column":9},"end":{"line":169,"column":null}},"type":"binary-expr","locations":[{"start":{"line":166,"column":9},"end":{"line":166,"column":null}},{"start":{"line":167,"column":10},"end":{"line":169,"column":null}}],"line":166},"23":{"loc":{"start":{"line":171,"column":9},"end":{"line":172,"column":null}},"type":"binary-expr","locations":[{"start":{"line":171,"column":9},"end":{"line":171,"column":null}},{"start":{"line":172,"column":10},"end":{"line":172,"column":null}}],"line":171},"24":{"loc":{"start":{"line":174,"column":9},"end":{"line":216,"column":null}},"type":"binary-expr","locations":[{"start":{"line":174,"column":9},"end":{"line":174,"column":38}},{"start":{"line":174,"column":38},"end":{"line":174,"column":null}},{"start":{"line":175,"column":10},"end":{"line":216,"column":null}}],"line":174},"25":{"loc":{"start":{"line":180,"column":43},"end":{"line":180,"column":72}},"type":"binary-expr","locations":[{"start":{"line":180,"column":43},"end":{"line":180,"column":63}},{"start":{"line":180,"column":63},"end":{"line":180,"column":72}}],"line":180},"26":{"loc":{"start":{"line":186,"column":43},"end":{"line":186,"column":75}},"type":"binary-expr","locations":[{"start":{"line":186,"column":43},"end":{"line":186,"column":66}},{"start":{"line":186,"column":66},"end":{"line":186,"column":75}}],"line":186},"27":{"loc":{"start":{"line":192,"column":43},"end":{"line":192,"column":78}},"type":"binary-expr","locations":[{"start":{"line":192,"column":43},"end":{"line":192,"column":69}},{"start":{"line":192,"column":69},"end":{"line":192,"column":78}}],"line":192},"28":{"loc":{"start":{"line":198,"column":43},"end":{"line":198,"column":73}},"type":"binary-expr","locations":[{"start":{"line":198,"column":43},"end":{"line":198,"column":64}},{"start":{"line":198,"column":64},"end":{"line":198,"column":73}}],"line":198},"29":{"loc":{"start":{"line":208,"column":13},"end":{"line":216,"column":null}},"type":"binary-expr","locations":[{"start":{"line":208,"column":13},"end":{"line":208,"column":37}},{"start":{"line":208,"column":37},"end":{"line":208,"column":null}},{"start":{"line":209,"column":14},"end":{"line":216,"column":null}}],"line":208},"30":{"loc":{"start":{"line":253,"column":9},"end":{"line":256,"column":null}},"type":"binary-expr","locations":[{"start":{"line":253,"column":9},"end":{"line":253,"column":null}},{"start":{"line":254,"column":10},"end":{"line":256,"column":null}}],"line":253},"31":{"loc":{"start":{"line":258,"column":9},"end":{"line":259,"column":null}},"type":"binary-expr","locations":[{"start":{"line":258,"column":9},"end":{"line":258,"column":null}},{"start":{"line":259,"column":10},"end":{"line":259,"column":null}}],"line":258},"32":{"loc":{"start":{"line":261,"column":9},"end":{"line":264,"column":null}},"type":"binary-expr","locations":[{"start":{"line":261,"column":9},"end":{"line":261,"column":41}},{"start":{"line":261,"column":41},"end":{"line":261,"column":null}},{"start":{"line":262,"column":10},"end":{"line":264,"column":null}}],"line":261},"33":{"loc":{"start":{"line":266,"column":9},"end":{"line":298,"column":null}},"type":"binary-expr","locations":[{"start":{"line":266,"column":9},"end":{"line":266,"column":41}},{"start":{"line":266,"column":41},"end":{"line":266,"column":null}},{"start":{"line":267,"column":10},"end":{"line":298,"column":null}}],"line":266},"34":{"loc":{"start":{"line":272,"column":43},"end":{"line":272,"column":70}},"type":"binary-expr","locations":[{"start":{"line":272,"column":43},"end":{"line":272,"column":59}},{"start":{"line":272,"column":59},"end":{"line":272,"column":70}}],"line":272},"35":{"loc":{"start":{"line":274,"column":56},"end":{"line":274,"column":null}},"type":"binary-expr","locations":[{"start":{"line":274,"column":56},"end":{"line":274,"column":73}},{"start":{"line":274,"column":73},"end":{"line":274,"column":null}}],"line":274},"36":{"loc":{"start":{"line":276,"column":35},"end":{"line":276,"column":83}},"type":"cond-expr","locations":[{"start":{"line":276,"column":52},"end":{"line":276,"column":63}},{"start":{"line":276,"column":63},"end":{"line":276,"column":83}}],"line":276},"37":{"loc":{"start":{"line":279,"column":31},"end":{"line":279,"column":59}},"type":"binary-expr","locations":[{"start":{"line":279,"column":31},"end":{"line":279,"column":55}},{"start":{"line":279,"column":55},"end":{"line":279,"column":59}}],"line":279},"38":{"loc":{"start":{"line":279,"column":73},"end":{"line":279,"column":107}},"type":"binary-expr","locations":[{"start":{"line":279,"column":73},"end":{"line":279,"column":103}},{"start":{"line":279,"column":103},"end":{"line":279,"column":107}}],"line":279},"39":{"loc":{"start":{"line":280,"column":27},"end":{"line":280,"column":58}},"type":"binary-expr","locations":[{"start":{"line":280,"column":27},"end":{"line":280,"column":54}},{"start":{"line":280,"column":54},"end":{"line":280,"column":58}}],"line":280},"40":{"loc":{"start":{"line":280,"column":67},"end":{"line":280,"column":null}},"type":"binary-expr","locations":[{"start":{"line":280,"column":67},"end":{"line":280,"column":92}},{"start":{"line":280,"column":92},"end":{"line":280,"column":null}}],"line":280},"41":{"loc":{"start":{"line":289,"column":21},"end":{"line":293,"column":null}},"type":"cond-expr","locations":[{"start":{"line":290,"column":24},"end":{"line":290,"column":null}},{"start":{"line":291,"column":24},"end":{"line":293,"column":null}}],"line":289},"42":{"loc":{"start":{"line":291,"column":24},"end":{"line":293,"column":null}},"type":"cond-expr","locations":[{"start":{"line":292,"column":26},"end":{"line":292,"column":null}},{"start":{"line":293,"column":26},"end":{"line":293,"column":null}}],"line":291},"43":{"loc":{"start":{"line":305,"column":9},"end":{"line":308,"column":null}},"type":"binary-expr","locations":[{"start":{"line":305,"column":9},"end":{"line":305,"column":null}},{"start":{"line":306,"column":10},"end":{"line":308,"column":null}}],"line":305},"44":{"loc":{"start":{"line":310,"column":9},"end":{"line":311,"column":null}},"type":"binary-expr","locations":[{"start":{"line":310,"column":9},"end":{"line":310,"column":null}},{"start":{"line":311,"column":10},"end":{"line":311,"column":null}}],"line":310},"45":{"loc":{"start":{"line":313,"column":9},"end":{"line":314,"column":null}},"type":"binary-expr","locations":[{"start":{"line":313,"column":9},"end":{"line":313,"column":40}},{"start":{"line":313,"column":40},"end":{"line":313,"column":null}},{"start":{"line":314,"column":10},"end":{"line":314,"column":null}}],"line":313},"46":{"loc":{"start":{"line":316,"column":9},"end":{"line":344,"column":null}},"type":"binary-expr","locations":[{"start":{"line":316,"column":9},"end":{"line":316,"column":40}},{"start":{"line":316,"column":40},"end":{"line":316,"column":null}},{"start":{"line":317,"column":10},"end":{"line":344,"column":null}}],"line":316},"47":{"loc":{"start":{"line":322,"column":45},"end":{"line":322,"column":null}},"type":"binary-expr","locations":[{"start":{"line":322,"column":45},"end":{"line":322,"column":59}},{"start":{"line":322,"column":59},"end":{"line":322,"column":null}}],"line":322},"48":{"loc":{"start":{"line":325,"column":68},"end":{"line":325,"column":96}},"type":"binary-expr","locations":[{"start":{"line":325,"column":68},"end":{"line":325,"column":85}},{"start":{"line":325,"column":85},"end":{"line":325,"column":96}}],"line":325},"49":{"loc":{"start":{"line":326,"column":19},"end":{"line":326,"column":null}},"type":"binary-expr","locations":[{"start":{"line":326,"column":19},"end":{"line":326,"column":39}},{"start":{"line":326,"column":39},"end":{"line":326,"column":null}}],"line":326},"50":{"loc":{"start":{"line":330,"column":26},"end":{"line":330,"column":null}},"type":"cond-expr","locations":[{"start":{"line":330,"column":48},"end":{"line":330,"column":62}},{"start":{"line":330,"column":62},"end":{"line":330,"column":null}}],"line":330},"51":{"loc":{"start":{"line":339,"column":21},"end":{"line":339,"column":null}},"type":"cond-expr","locations":[{"start":{"line":339,"column":51},"end":{"line":339,"column":65}},{"start":{"line":339,"column":65},"end":{"line":339,"column":null}}],"line":339},"52":{"loc":{"start":{"line":351,"column":9},"end":{"line":354,"column":null}},"type":"binary-expr","locations":[{"start":{"line":351,"column":9},"end":{"line":351,"column":null}},{"start":{"line":352,"column":10},"end":{"line":354,"column":null}}],"line":351},"53":{"loc":{"start":{"line":356,"column":9},"end":{"line":357,"column":null}},"type":"binary-expr","locations":[{"start":{"line":356,"column":9},"end":{"line":356,"column":null}},{"start":{"line":357,"column":10},"end":{"line":357,"column":null}}],"line":356},"54":{"loc":{"start":{"line":359,"column":9},"end":{"line":360,"column":null}},"type":"binary-expr","locations":[{"start":{"line":359,"column":9},"end":{"line":359,"column":39}},{"start":{"line":359,"column":39},"end":{"line":359,"column":null}},{"start":{"line":360,"column":10},"end":{"line":360,"column":null}}],"line":359},"55":{"loc":{"start":{"line":362,"column":9},"end":{"line":379,"column":null}},"type":"binary-expr","locations":[{"start":{"line":362,"column":9},"end":{"line":362,"column":39}},{"start":{"line":362,"column":39},"end":{"line":362,"column":null}},{"start":{"line":363,"column":10},"end":{"line":379,"column":null}}],"line":362},"56":{"loc":{"start":{"line":368,"column":43},"end":{"line":368,"column":70}},"type":"binary-expr","locations":[{"start":{"line":368,"column":43},"end":{"line":368,"column":59}},{"start":{"line":368,"column":59},"end":{"line":368,"column":70}}],"line":368},"57":{"loc":{"start":{"line":371,"column":27},"end":{"line":371,"column":47}},"type":"binary-expr","locations":[{"start":{"line":371,"column":27},"end":{"line":371,"column":43}},{"start":{"line":371,"column":43},"end":{"line":371,"column":47}}],"line":371},"58":{"loc":{"start":{"line":371,"column":61},"end":{"line":371,"column":null}},"type":"binary-expr","locations":[{"start":{"line":371,"column":61},"end":{"line":371,"column":83}},{"start":{"line":371,"column":83},"end":{"line":371,"column":null}}],"line":371}},"s":{"0":11,"1":11,"2":0,"3":11,"4":3,"5":3,"6":0,"7":0,"8":0,"9":0,"10":13,"11":13,"12":13,"13":13,"14":13,"15":13,"16":13,"17":13,"18":13,"19":13,"20":13,"21":13,"22":13,"23":13,"24":13,"25":13,"26":9,"27":9,"28":3,"29":0,"30":3,"31":0,"32":3,"33":0,"34":3,"35":0,"36":3,"37":0,"38":13,"39":8,"40":0,"41":13,"42":8,"43":0,"44":13,"45":4,"46":4,"47":4,"48":4,"49":4,"50":4,"51":4,"52":4,"53":4,"54":3,"55":0,"56":3,"57":3,"58":3,"59":3,"60":3,"61":3,"62":3,"63":3,"64":1,"65":0,"66":1,"67":1,"68":1,"69":1,"70":1,"71":1,"72":1,"73":1,"74":1,"75":4,"76":4,"77":4,"78":2,"79":2,"80":2,"81":2,"82":2,"83":1,"84":1,"85":1,"86":1,"87":1,"88":2,"89":0,"90":0,"91":0,"92":0,"93":0,"94":0,"95":0,"96":0,"97":0,"98":0,"99":0,"100":0,"101":0,"102":13,"103":0,"104":0,"105":0,"106":0,"107":0,"108":7,"109":2,"110":0,"111":0,"112":3},"f":{"0":11,"1":3,"2":13,"3":9,"4":3,"5":0,"6":8,"7":0,"8":8,"9":0,"10":4,"11":4,"12":4,"13":2,"14":1,"15":1,"16":0,"17":0,"18":0,"19":0,"20":0,"21":0,"22":0,"23":0,"24":7,"25":2,"26":0,"27":0,"28":3},"b":{"0":[0,11],"1":[3,0],"2":[0,0],"3":[0,3],"4":[3,0],"5":[0,0],"6":[0,3],"7":[3,0],"8":[0,3],"9":[3,0],"10":[0,3],"11":[3,0],"12":[0,3],"13":[0,1],"14":[1,0],"15":[1,0],"16":[0,1],"17":[1,0],"18":[0,0],"19":[0,0],"20":[13,2],"21":[13,1],"22":[13,4],"23":[13,1],"24":[13,8,8],"25":[8,0],"26":[8,0],"27":[8,0],"28":[8,0],"29":[8,8,0],"30":[13,4],"31":[13,1],"32":[13,8,1],"33":[13,8,7],"34":[7,0],"35":[7,0],"36":[2,5],"37":[7,7],"38":[7,7],"39":[7,7],"40":[7,7],"41":[2,5],"42":[1,4],"43":[13,4],"44":[13,1],"45":[13,8,8],"46":[13,8,0],"47":[0,0],"48":[0,0],"49":[0,0],"50":[0,0],"51":[0,0],"52":[13,4],"53":[13,1],"54":[13,8,5],"55":[13,8,3],"56":[3,0],"57":[3,0],"58":[3,0]},"meta":{"lastBranch":59,"lastFunction":29,"lastStatement":113,"seen":{"f:11:9:11:20":0,"s:12:12:12:25":0,"b:13:2:13:Infinity:undefined:undefined:undefined:undefined":0,"s:13:2:13:Infinity":1,"s:13:27:13:Infinity":2,"s:14:2:14:Infinity":3,"f:17:9:17:16":1,"b:18:2:18:Infinity:undefined:undefined:undefined:undefined":1,"s:18:2:18:Infinity":4,"s:18:14:18:Infinity":5,"s:19:12:19:27":6,"b:20:2:20:Infinity:undefined:undefined:undefined:undefined":2,"s:20:2:20:Infinity":7,"s:20:33:20:Infinity":8,"s:21:2:21:Infinity":9,"f:24:24:24:45":2,"s:25:25:25:65":10,"s:26:23:26:61":11,"s:27:24:27:63":12,"s:28:22:28:59":13,"s:29:19:29:46":14,"s:30:17:30:42":15,"s:31:25:31:58":16,"s:32:16:32:42":17,"s:33:16:33:40":18,"s:34:25:34:58":19,"s:35:28:35:66":20,"s:36:27:36:64":21,"s:37:21:37:50":22,"s:38:21:38:53":23,"s:39:23:39:57":24,"s:41:8:52:54":25,"f:41:25:41:39":3,"s:42:14:42:45":26,"s:43:4:51:Infinity":27,"f:44:7:44:15":4,"b:45:8:45:Infinity:undefined:undefined:undefined:undefined":3,"s:45:8:45:Infinity":28,"b:45:12:45:17:45:17:45:59":4,"b:45:19:45:30:45:30:45:34":5,"s:45:61:45:Infinity":29,"b:46:8:46:Infinity:undefined:undefined:undefined:undefined":6,"s:46:8:46:Infinity":30,"b:46:12:46:36:46:36:46:59":7,"s:46:59:46:Infinity":31,"b:47:8:47:Infinity:undefined:undefined:undefined:undefined":8,"s:47:8:47:Infinity":32,"b:47:12:47:41:47:41:47:52":9,"s:47:52:47:Infinity":33,"b:48:8:48:Infinity:undefined:undefined:undefined:undefined":10,"s:48:8:48:Infinity":34,"b:48:12:48:43:48:43:48:53":11,"s:48:53:48:Infinity":35,"s:49:8:49:Infinity":36,"f:51:7:51:13":5,"s:51:22:51:49":37,"s:54:8:56:Infinity":38,"f:54:23:54:Infinity":6,"s:55:10:55:65":39,"f:55:22:55:28":7,"s:55:37:55:64":40,"s:59:8:61:Infinity":41,"f:59:31:59:Infinity":8,"s:60:10:60:73":42,"f:60:30:60:36":9,"s:60:45:60:72":43,"s:64:2:106:Infinity":44,"f:64:2:64:18":10,"s:65:20:65:Infinity":45,"f:66:19:66:26":11,"s:67:6:67:Infinity":46,"s:68:6:68:Infinity":47,"s:69:6:69:Infinity":48,"s:70:6:70:Infinity":49,"s:71:6:71:Infinity":50,"s:72:6:72:Infinity":51,"s:73:6:99:Infinity":52,"s:74:67:79:10":53,"b:80:8:80:Infinity:undefined:undefined:undefined:undefined":12,"s:80:8:80:Infinity":54,"s:80:23:80:Infinity":55,"s:81:8:81:Infinity":56,"s:82:8:82:Infinity":57,"s:83:8:83:Infinity":58,"s:84:8:84:Infinity":59,"s:85:8:85:Infinity":60,"s:86:8:86:Infinity":61,"s:87:8:87:Infinity":62,"s:88:8:88:Infinity":63,"b:90:8:90:Infinity:undefined:undefined:undefined:undefined":13,"s:90:8:90:Infinity":64,"s:90:23:90:Infinity":65,"s:91:8:91:Infinity":66,"s:92:8:92:Infinity":67,"s:93:8:93:Infinity":68,"s:94:8:94:Infinity":69,"s:95:8:95:Infinity":70,"s:96:8:96:Infinity":71,"s:97:8:97:Infinity":72,"s:98:8:98:Infinity":73,"s:99:8:99:Infinity":74,"b:99:17:99:31:99:31:99:67":14,"s:102:4:102:Infinity":75,"s:103:4:104:Infinity":76,"f:103:4:103:17":12,"s:104:6:104:Infinity":77,"f:108:17:108:43":13,"s:109:4:109:Infinity":78,"s:110:4:110:Infinity":79,"s:111:4:111:Infinity":80,"s:112:4:123:Infinity":81,"s:113:22:113:87":82,"s:114:6:114:Infinity":83,"f:114:6:114:19":14,"s:114:28:114:80":84,"f:114:33:114:38":15,"s:114:45:114:80":85,"b:114:67:114:77:114:77:114:80":15,"s:115:6:119:Infinity":86,"b:117:12:117:Infinity:118:12:118:Infinity":16,"s:121:6:121:Infinity":87,"b:121:15:121:29:121:29:121:67":17,"s:123:6:123:Infinity":88,"f:127:17:127:43":16,"b:128:4:133:Infinity:undefined:undefined:undefined:undefined":18,"s:128:4:133:Infinity":89,"s:133:6:133:Infinity":90,"s:135:4:135:Infinity":91,"s:136:4:136:Infinity":92,"s:137:4:137:Infinity":93,"s:138:4:145:Infinity":94,"s:139:6:139:Infinity":95,"s:140:6:140:Infinity":96,"f:140:6:140:25":17,"s:140:34:140:72":97,"f:140:39:140:47":18,"s:140:53:140:72":98,"s:141:6:141:Infinity":99,"s:143:6:143:Infinity":100,"b:143:15:143:29:143:29:143:56":19,"s:145:6:145:Infinity":101,"s:149:2:379:Infinity":102,"b:153:7:153:Infinity:154:8:156:Infinity":20,"b:158:7:158:Infinity:159:8:161:Infinity":21,"b:166:9:166:Infinity:167:10:169:Infinity":22,"b:171:9:171:Infinity:172:10:172:Infinity":23,"b:174:9:174:38:174:38:174:Infinity:175:10:216:Infinity":24,"b:180:43:180:63:180:63:180:72":25,"b:186:43:186:66:186:66:186:75":26,"b:192:43:192:69:192:69:192:78":27,"b:198:43:198:64:198:64:198:73":28,"b:208:13:208:37:208:37:208:Infinity:209:14:216:Infinity":29,"f:212:19:212:24":19,"s:212:44:212:66":103,"f:222:65:222:76":20,"s:222:82:222:100":104,"f:228:16:228:27":21,"s:228:33:228:62":105,"f:234:41:234:52":22,"s:234:58:234:87":106,"f:244:43:244:54":23,"s:244:60:244:91":107,"b:253:9:253:Infinity:254:10:256:Infinity":30,"b:258:9:258:Infinity:259:10:259:Infinity":31,"b:261:9:261:41:261:41:261:Infinity:262:10:264:Infinity":32,"b:266:9:266:41:266:41:266:Infinity:267:10:298:Infinity":33,"f:268:28:268:33":24,"s:269:14:296:Infinity":108,"b:272:43:272:59:272:59:272:70":34,"b:274:56:274:73:274:73:274:Infinity":35,"b:276:52:276:63:276:63:276:83":36,"b:279:31:279:55:279:55:279:59":37,"b:279:73:279:103:279:103:279:107":38,"b:280:27:280:54:280:54:280:58":39,"b:280:67:280:92:280:92:280:Infinity":40,"f:286:20:286:35":25,"s:286:35:286:69":109,"b:290:24:290:Infinity:291:24:293:Infinity":41,"b:292:26:292:Infinity:293:26:293:Infinity":42,"b:305:9:305:Infinity:306:10:308:Infinity":43,"b:310:9:310:Infinity:311:10:311:Infinity":44,"b:313:9:313:40:313:40:313:Infinity:314:10:314:Infinity":45,"b:316:9:316:40:316:40:316:Infinity:317:10:344:Infinity":46,"f:318:34:318:39":26,"s:319:14:342:Infinity":110,"b:322:45:322:59:322:59:322:Infinity":47,"b:325:68:325:85:325:85:325:96":48,"b:326:19:326:39:326:39:326:Infinity":49,"b:330:48:330:62:330:62:330:Infinity":50,"f:336:20:336:35":27,"s:336:35:336:65":111,"b:339:51:339:65:339:65:339:Infinity":51,"b:351:9:351:Infinity:352:10:354:Infinity":52,"b:356:9:356:Infinity:357:10:357:Infinity":53,"b:359:9:359:39:359:39:359:Infinity:360:10:360:Infinity":54,"b:362:9:362:39:362:39:362:Infinity:363:10:379:Infinity":55,"f:364:26:364:31":28,"s:365:14:377:Infinity":112,"b:368:43:368:59:368:59:368:70":56,"b:371:27:371:43:371:43:371:47":57,"b:371:61:371:83:371:83:371:Infinity":58}}}
,"C:\\Users\\alexa\\IdeaProjects\\fooddelivery\\frontend\\src\\pages\\CartPage.jsx": {"path":"C:\\Users\\alexa\\IdeaProjects\\fooddelivery\\frontend\\src\\pages\\CartPage.jsx","statementMap":{"0":{"start":{"line":14,"column":12},"end":{"line":14,"column":25}},"1":{"start":{"line":15,"column":2},"end":{"line":15,"column":null}},"2":{"start":{"line":15,"column":27},"end":{"line":15,"column":null}},"3":{"start":{"line":16,"column":2},"end":{"line":16,"column":null}},"4":{"start":{"line":20,"column":8},"end":{"line":20,"column":32}},"5":{"start":{"line":21,"column":10},"end":{"line":21,"column":28}},"6":{"start":{"line":22,"column":8},"end":{"line":25,"column":12}},"7":{"start":{"line":23,"column":15},"end":{"line":23,"column":31}},"8":{"start":{"line":24,"column":4},"end":{"line":24,"column":null}},"9":{"start":{"line":27,"column":17},"end":{"line":27,"column":49}},"10":{"start":{"line":28,"column":15},"end":{"line":28,"column":40}},"11":{"start":{"line":29,"column":23},"end":{"line":29,"column":54}},"12":{"start":{"line":30,"column":21},"end":{"line":30,"column":52}},"13":{"start":{"line":31,"column":20},"end":{"line":31,"column":51}},"14":{"start":{"line":32,"column":23},"end":{"line":32,"column":57}},"15":{"start":{"line":33,"column":26},"end":{"line":33,"column":60}},"16":{"start":{"line":34,"column":23},"end":{"line":34,"column":62}},"17":{"start":{"line":35,"column":24},"end":{"line":35,"column":60}},"18":{"start":{"line":36,"column":28},"end":{"line":36,"column":64}},"19":{"start":{"line":38,"column":8},"end":{"line":57,"column":14}},"20":{"start":{"line":39,"column":4},"end":{"line":43,"column":null}},"21":{"start":{"line":40,"column":6},"end":{"line":40,"column":null}},"22":{"start":{"line":41,"column":6},"end":{"line":41,"column":null}},"23":{"start":{"line":42,"column":6},"end":{"line":42,"column":null}},"24":{"start":{"line":43,"column":6},"end":{"line":43,"column":null}},"25":{"start":{"line":46,"column":4},"end":{"line":46,"column":null}},"26":{"start":{"line":47,"column":4},"end":{"line":47,"column":null}},"27":{"start":{"line":48,"column":4},"end":{"line":55,"column":null}},"28":{"start":{"line":49,"column":19},"end":{"line":49,"column":42}},"29":{"start":{"line":50,"column":6},"end":{"line":50,"column":null}},"30":{"start":{"line":51,"column":6},"end":{"line":51,"column":null}},"31":{"start":{"line":53,"column":6},"end":{"line":53,"column":null}},"32":{"start":{"line":54,"column":6},"end":{"line":54,"column":null}},"33":{"start":{"line":55,"column":6},"end":{"line":55,"column":null}},"34":{"start":{"line":59,"column":2},"end":{"line":61,"column":null}},"35":{"start":{"line":60,"column":4},"end":{"line":60,"column":null}},"36":{"start":{"line":63,"column":16},"end":{"line":63,"column":60}},"37":{"start":{"line":66,"column":4},"end":{"line":66,"column":null}},"38":{"start":{"line":66,"column":24},"end":{"line":66,"column":null}},"39":{"start":{"line":67,"column":4},"end":{"line":67,"column":null}},"40":{"start":{"line":68,"column":4},"end":{"line":68,"column":null}},"41":{"start":{"line":69,"column":4},"end":{"line":75,"column":null}},"42":{"start":{"line":70,"column":22},"end":{"line":70,"column":80}},"43":{"start":{"line":71,"column":6},"end":{"line":71,"column":null}},"44":{"start":{"line":73,"column":6},"end":{"line":73,"column":null}},"45":{"start":{"line":75,"column":6},"end":{"line":75,"column":null}},"46":{"start":{"line":80,"column":4},"end":{"line":80,"column":null}},"47":{"start":{"line":80,"column":24},"end":{"line":80,"column":null}},"48":{"start":{"line":81,"column":4},"end":{"line":81,"column":null}},"49":{"start":{"line":82,"column":4},"end":{"line":82,"column":null}},"50":{"start":{"line":83,"column":4},"end":{"line":89,"column":null}},"51":{"start":{"line":84,"column":22},"end":{"line":84,"column":58}},"52":{"start":{"line":85,"column":6},"end":{"line":85,"column":null}},"53":{"start":{"line":87,"column":6},"end":{"line":87,"column":null}},"54":{"start":{"line":89,"column":6},"end":{"line":89,"column":null}},"55":{"start":{"line":94,"column":4},"end":{"line":94,"column":null}},"56":{"start":{"line":94,"column":24},"end":{"line":94,"column":null}},"57":{"start":{"line":95,"column":4},"end":{"line":95,"column":null}},"58":{"start":{"line":96,"column":4},"end":{"line":96,"column":null}},"59":{"start":{"line":97,"column":4},"end":{"line":103,"column":null}},"60":{"start":{"line":98,"column":22},"end":{"line":98,"column":45}},"61":{"start":{"line":99,"column":6},"end":{"line":99,"column":null}},"62":{"start":{"line":101,"column":6},"end":{"line":101,"column":null}},"63":{"start":{"line":103,"column":6},"end":{"line":103,"column":null}},"64":{"start":{"line":108,"column":4},"end":{"line":108,"column":null}},"65":{"start":{"line":108,"column":24},"end":{"line":108,"column":null}},"66":{"start":{"line":109,"column":4},"end":{"line":109,"column":null}},"67":{"start":{"line":110,"column":4},"end":{"line":110,"column":null}},"68":{"start":{"line":111,"column":4},"end":{"line":121,"column":null}},"69":{"start":{"line":112,"column":22},"end":{"line":116,"column":8}},"70":{"start":{"line":117,"column":6},"end":{"line":117,"column":null}},"71":{"start":{"line":119,"column":6},"end":{"line":119,"column":null}},"72":{"start":{"line":121,"column":6},"end":{"line":121,"column":null}},"73":{"start":{"line":126,"column":4},"end":{"line":126,"column":null}},"74":{"start":{"line":127,"column":4},"end":{"line":127,"column":null}},"75":{"start":{"line":127,"column":24},"end":{"line":127,"column":null}},"76":{"start":{"line":128,"column":4},"end":{"line":130,"column":null}},"77":{"start":{"line":129,"column":6},"end":{"line":129,"column":null}},"78":{"start":{"line":130,"column":6},"end":{"line":130,"column":null}},"79":{"start":{"line":132,"column":4},"end":{"line":134,"column":null}},"80":{"start":{"line":133,"column":6},"end":{"line":133,"column":null}},"81":{"start":{"line":134,"column":6},"end":{"line":134,"column":null}},"82":{"start":{"line":136,"column":4},"end":{"line":138,"column":null}},"83":{"start":{"line":137,"column":6},"end":{"line":137,"column":null}},"84":{"start":{"line":138,"column":6},"end":{"line":138,"column":null}},"85":{"start":{"line":141,"column":4},"end":{"line":141,"column":null}},"86":{"start":{"line":142,"column":4},"end":{"line":142,"column":null}},"87":{"start":{"line":143,"column":4},"end":{"line":160,"column":null}},"88":{"start":{"line":145,"column":8},"end":{"line":147,"column":null}},"89":{"start":{"line":148,"column":6},"end":{"line":155,"column":null}},"90":{"start":{"line":156,"column":6},"end":{"line":156,"column":null}},"91":{"start":{"line":158,"column":6},"end":{"line":158,"column":null}},"92":{"start":{"line":160,"column":6},"end":{"line":160,"column":null}},"93":{"start":{"line":164
[...]
,"1":{"loc":{"start":{"line":19,"column":2},"end":{"line":24,"column":3}},"type":"if","locations":[{"start":{"line":19,"column":2},"end":{"line":24,"column":3}},{"start":{},"end":{}}],"line":19},"2":{"loc":{"start":{"line":22,"column":6},"end":{"line":22,"column":74}},"type":"binary-expr","locations":[{"start":{"line":22,"column":6},"end":{"line":22,"column":19}},{"start":{"line":22,"column":23},"end":{"line":22,"column":74}}],"line":22},"3":{"loc":{"start":{"line":22,"column":46},"end":{"line":22,"column":72}},"type":"binary-expr","locations":[{"start":{"line":22,"column":46},"end":{"line":22,"column":60}},{"start":{"line":22,"column":64},"end":{"line":22,"column":72}}],"line":22},"4":{"loc":{"start":{"line":26,"column":2},"end":{"line":28,"column":3}},"type":"if","locations":[{"start":{"line":26,"column":2},"end":{"line":28,"column":3}},{"start":{},"end":{}}],"line":26},"5":{"loc":{"start":{"line":26,"column":6},"end":{"line":26,"column":48}},"type":"binary-expr","locations":[{"start":{"line":26,"column":6},"end":{"line":26,"column":11}},{"start":{"line":26,"column":15},"end":{"line":26,"column":48}}],"line":26},"6":{"loc":{"start":{"line":30,"column":2},"end":{"line":32,"column":3}},"type":"if","locations":[{"start":{"line":30,"column":2},"end":{"line":32,"column":3}},{"start":{},"end":{}}],"line":30},"7":{"loc":{"start":{"line":31,"column":30},"end":{"line":31,"column":66}},"type":"binary-expr","locations":[{"start":{"line":31,"column":30},"end":{"line":31,"column":42}},{"start":{"line":31,"column":46},"end":{"line":31,"column":66}}],"line":31},"8":{"loc":{"start":{"line":51,"column":2},"end":{"line":53,"column":3}},"type":"if","locations":[{"start":{"line":51,"column":2},"end":{"line":53,"column":3}},{"start":{},"end":{}}],"line":51},"9":{"loc":{"start":{"line":51,"column":6},"end":{"line":51,"column":69}},"type":"binary-expr","locations":[{"start":{"line":51,"column":6},"end":{"line":51,"column":18}},{"start":{"line":51,"column":22},"end":{"line":51,"column":46}},{"start":{"line":51,"column":50},"end":{"line":51,"column":69}}],"line":51},"10":{"loc":{"start":{"line":59,"column":2},"end":{"line":61,"column":3}},"type":"if","locations":[{"start":{"line":59,"column":2},"end":{"line":61,"column":3}},{"start":{},"end":{}}],"line":59}},"s":{"0":7,"1":7,"2":7,"3":12,"4":12,"5":12,"6":12,"7":1,"8":11,"9":4,"10":7,"11":1,"12":6,"13":1,"14":5,"15":11,"16":1,"17":8,"18":2,"19":1,"20":1,"21":1,"22":1,"23":0,"24":1,"25":2},"f":{"0":7,"1":12,"2":11,"3":1,"4":8,"5":1,"6":2},"b":{"0":[12,0],"1":[4,7],"2":[4,0],"3":[0,0],"4":[1,6],"5":[7,7],"6":[1,5],"7":[1,0],"8":[1,1],"9":[2,2,2],"10":[0,1]},"meta":{"lastBranch":11,"lastFunction":7,"lastStatement":26,"seen":{"f:3:9:3:16":0,"s:4:14:4:32":0,"s:5:2:5:22":1,"s:6:2:6:13":2,"f:9:15:9:30":1,"s:10:14:10:40":3,"s:11:15:11:31":4,"s:13:2:17:3":5,"s:14:4:14:42":6,"b:14:18:14:34:14:37:14:41":0,"s:16:4:16:62":7,"b:19:2:24:3:undefined:undefined:undefined:undefined":1,"s:19:2:24:3":8,"s:20:4:23:6":9,"b:22:6:22:19:22:23:22:74":2,"b:22:46:22:60:22:64:22:72":3,"b:26:2:28:3:undefined:undefined:undefined:undefined":4,"s:26:2:28:3":10,"b:26:6:26:11:26:15:26:48":5,"s:27:4:27:63":11,"b:30:2:32:3:undefined:undefined:undefined:undefined":6,"s:30:2:32:3":12,"s:31:4:31:68":13,"b:31:30:31:42:31:46:31:66":7,"s:34:2:34:19":14,"f:37:9:37:17":2,"s:38:2:38:40":15,"f:41:22:41:33":3,"s:42:2:46:5":16,"f:49:22:49:32":4,"s:50:15:50:72":17,"b:51:2:53:3:undefined:undefined:undefined:undefined":8,"s:51:2:53:3":18,"b:51:6:51:18:51:22:51:46:51:50:51:69":9,"s:52:4:52:53":19,"s:54:2:54:14":20,"f:57:22:57:37":5,"s:58:15:58:76":21,"b:59:2:61:3:undefined:undefined:undefined:undefined":10,"s:59:2:61:3":22,"s:60:4:60:54":23,"s:62:2:62:14":24,"f:65:22:65:33":6,"s:66:2:68:5":25}}}
,"C:\\Users\\alexa\\IdeaProjects\\fooddelivery\\frontend\\src\\services\\restaurantsApi.js": {"path":"C:\\Users\\alexa\\IdeaProjects\\fooddelivery\\frontend\\src\\services\\restaurantsApi.js","statementMap":{"0":{"start":{"line":15,"column":14},"end":{"line":17,"column":4}},"1":{"start":{"line":19,"column":15},"end":{"line":19,"column":31}},"2":{"start":{"line":21,"column":2},"end":{"line":25,"column":3}},"3":{"start":{"line":22,"column":4},"end":{"line":22,"column":42}},"4":{"start":{"line":24,"column":4},"end":{"line":24,"column":52}},"5":{"start":{"line":27,"column":2},"end":{"line":33,"column":3}},"6":{"start":{"line":28,"column":16},"end":{"line":30,"column":5}},"7":{"start":{"line":31,"column":4},"end":{"line":31,"column":28}},"8":{"start":{"line":32,"column":4},"end":{"line":32,"column":14}},"9":{"start":{"line":35,"column":2},"end":{"line":37,"column":3}},"10":{"start":{"line":36,"column":4},"end":{"line":36,"column":53}},"11":{"start":{"line":39,"column":2},"end":{"line":41,"column":3}},"12":{"start":{"line":40,"column":4},"end":{"line":40,"column":58}},"13":{"start":{"line":43,"column":2},"end":{"line":43,"column":19}},"14":{"start":{"line":53,"column":17},"end":{"line":53,"column":38}},"15":{"start":{"line":54,"column":2},"end":{"line":56,"column":3}},"16":{"start":{"line":55,"column":4},"end":{"line":55,"column":48}},"17":{"start":{"line":57,"column":2},"end":{"line":59,"column":3}},"18":{"start":{"line":58,"column":4},"end":{"line":58,"column":60}},"19":{"start":{"line":60,"column":13},"end":{"line":60,"column":30}},"20":{"start":{"line":61,"column":15},"end":{"line":61,"column":54}},"21":{"start":{"line":62,"column":15},"end":{"line":62,"column":42}},"22":{"start":{"line":63,"column":2},"end":{"line":65,"column":3}},"23":{"start":{"line":64,"column":4},"end":{"line":64,"column":57}},"24":{"start":{"line":66,"column":2},"end":{"line":66,"column":14}},"25":{"start":{"line":74,"column":13},"end":{"line":74,"column":53}},"26":{"start":{"line":75,"column":15},"end":{"line":75,"column":62}},"27":{"start":{"line":76,"column":2},"end":{"line":78,"column":3}},"28":{"start":{"line":77,"column":4},"end":{"line":77,"column":56}},"29":{"start":{"line":79,"column":2},"end":{"line":79,"column":14}},"30":{"start":{"line":87,"column":13},"end":{"line":87,"column":53}},"31":{"start":{"line":88,"column":15},"end":{"line":88,"column":67}},"32":{"start":{"line":89,"column":2},"end":{"line":91,"column":3}},"33":{"start":{"line":90,"column":4},"end":{"line":90,"column":51}},"34":{"start":{"line":92,"column":2},"end":{"line":92,"column":14}}},"fnMap":{"0":{"name":"fetchApiSuccess","decl":{"start":{"line":14,"column":15},"end":{"line":14,"column":30}},"loc":{"start":{"line":14,"column":37},"end":{"line":44,"column":1}},"line":14},"1":{"name":"fetchRestaurants","decl":{"start":{"line":52,"column":22},"end":{"line":52,"column":38}},"loc":{"start":{"line":52,"column":52},"end":{"line":67,"column":1}},"line":52},"2":{"name":"fetchRestaurantById","decl":{"start":{"line":73,"column":22},"end":{"line":73,"column":41}},"loc":{"start":{"line":73,"column":56},"end":{"line":80,"column":1}},"line":73},"3":{"name":"fetchRestaurantMenu","decl":{"start":{"line":86,"column":22},"end":{"line":86,"column":41}},"loc":{"start":{"line":86,"column":56},"end":{"line":93,"column":1}},"line":86}},"branchMap":{"0":{"loc":{"start":{"line":22,"column":11},"end":{"line":22,"column":41}},"type":"cond-expr","locations":[{"start":{"line":22,"column":18},"end":{"line":22,"column":34}},{"start":{"line":22,"column":37},"end":{"line":22,"column":41}}],"line":22},"1":{"loc":{"start":{"line":27,"column":2},"end":{"line":33,"column":3}},"type":"if","locations":[{"start":{"line":27,"column":2},"end":{"line":33,"column":3}},{"start":{},"end":{}}],"line":27},"2":{"loc":{"start":{"line":29,"column":6},"end":{"line":29,"column":74}},"type":"binary-expr","locations":[{"start":{"line":29,"column":6},"end":{"line":29,"column":19}},{"start":{"line":29,"column":23},"end":{"line":29,"column":74}}],"line":29},"3":{"loc":{"start":{"line":29,"column":46},"end":{"line":29,"column":72}},"type":"binary-expr","locations":[{"start":{"line":29,"column":46},"end":{"line":29,"column":60}},{"start":{"line":29,"column":64},"end":{"line":29,"column":72}}],"line":29},"4":{"loc":{"start":{"line":35,"column":2},"end":{"line":37,"column":3}},"type":"if","locations":[{"start":{"line":35,"column":2},"end":{"line":37,"column":3}},{"start":{},"end":{}}],"line":35},"5":{"loc":{"start":{"line":35,"column":6},"end":{"line":35,"column":48}},"type":"binary-expr","locations":[{"start":{"line":35,"column":6},"end":{"line":35,"column":11}},{"start":{"line":35,"column":15},"end":{"line":35,"column":48}}],"line":35},"6":{"loc":{"start":{"line":39,"column":2},"end":{"line":41,"column":3}},"type":"if","locations":[{"start":{"line":39,"column":2},"end":{"line":41,"column":3}},{"start":{},"end":{}}],"line":39},"7":{"loc":{"start":{"line":40,"column":20},"end":{"line":40,"column":56}},"type":"binary-expr","locations":[{"start":{"line":40,"column":20},"end":{"line":40,"column":32}},{"start":{"line":40,"column":36},"end":{"line":40,"column":56}}],"line":40},"8":{"loc":{"start":{"line":52,"column":39},"end":{"line":52,"column":50}},"type":"default-arg","locations":[{"start":{"line":52,"column":48},"end":{"line":52,"column":50}}],"line":52},"9":{"loc":{"start":{"line":54,"column":2},"end":{"line":56,"column":3}},"type":"if","locations":[{"start":{"line":54,"column":2},"end":{"line":56,"column":3}},{"start":{},"end":{}}],"line":54},"10":{"loc":{"start":{"line":54,"column":6},"end":{"line":54,"column":51}},"type":"binary-expr","locations":[{"start":{"line":54,"column":6},"end":{"line":54,"column":27}},{"start":{"line":54,"column":31},"end":{"line":54,"column":51}}],"line":54},"11":{"loc":{"start":{"line":57,"column":2},"end":{"line":59,"column":3}},"type":"if","locations":[{"start":{"line":57,"column":2},"end":{"line":59,"column":3}},{"start":{},"end":{}}],"line":57},"12":{"loc":{"start":{"line":57,"column":6},"end":{"line":57,"column":63}},"type":"binary-expr","locations":[{"start":{"line":57,"column":6},"end":{"line":57,"column":33}},{"start":{"line":57,"column":37},"end":{"line":57,"column":63}}],"line":57},"13":{"loc":{"start":{"line":61,"column":34},"end":{"line":61,"column":52}},"type":"cond-expr","locations":[{"start":{"line":61,"column":39},"end":{"line":61,"column":47}},{"start":{"line":61,"column":50},"end":{"line":61,"column":52}}],"line":61},"14":{"loc":{"start":{"line":63,"column":2},"end":{"line":65,"column":3}},"type":"if","locations":[{"start":{"line":63,"column":2},"end":{"line":65,"column":3}},{"start":{},"end":{}}],"line":63},"15":{"loc":{"start":{"line":76,"column":2},"end":{"line":78,"column":3}},"type":"if","locations":[{"start":{"line":76,"column":2},"end":{"line":78,"column":3}},{"start":{},"end":{}}],"line":76},"16":{"loc":{"start":{"line":76,"column":6},"end":{"line":76,"column":69}},"type":"binary-expr","locations":[{"start":{"line":76,"column":6},"end":{"line":76,"column":18}},{"start":{"line":76,"column":22},"end":{"line":76,"column":46}},{"start":{"line":76,"column":50},"end":{"line":76,"column":69}}],"line":76},"17":{"loc":{"start":{"line":89,"column":2},"end":{"line":91,"column":3}},"type":"if","locations":[{"start":{"line":89,"column":2},"end":{"line":91,"column":3}},{"start":{},"end":{}}],"line":89}},"s":{"0":7,"1":7,"2":7,"3":7,"4":1,"5":6,"6":1,"7":1,"8":1,"9":5,"10":0,"11":5,"12":1,"13":4,"14":5,"15":5,"16":1,"17":5,"18":1,"19":5,"20":5,"21":5,"22":2,"23":1,"24":1,"25":1,"26":1,"27":1,"28":0,"29":1,"30":1,"31":1,"32":1,"33":0,"34":1},"f":{"0":7,"1":5,"2":1,"3":1},"b":{"0":[7,0],"1":[1,5],"2":[1,0],"3":[0,0],"4":[0,5],"5":[5,5],"6":[1,4],"7":[1,0],"8":[5],"9":[1,4],"10":[5,1],"11":[1,4],"12":[5,1],"13":[1,4],"14":[1,1],"15":[0,1],"16":[1,1,1],"17":[0,1]},"meta":{"lastBranch":18,"lastFunction":4,"lastStatement":35,"seen":{"f:14:15:14:30":0,"s:15:14:17:4":0,"s:19:15:19:31":1,"s:21:2:25:3":2,"s:22:4:22:42":3,"b:22:18:22:34:22:37:22:41":0,"s:24:4:24:52":4,"b:27:2:33:3:undefined:undefined:undefined:undefined":1,"s:27:2:33:3":5,"s:28:16:30:5":6,"b:29:6:29:19:29:23:29:74":2,"b:29:46:29:60:29:64:29:72":3,"s:31:4:31:28":7,"s:32:4:32:14":8,"b:35:2:37:3:undefined:undefined:undefined:undefined":4,"s:35:2:37:3":9,"b:35:6:35:11:35:15:35:48":5,"s:36:4:36:53":10,"b:39:2:41:3:undefined:undefined:undefined:undefined":6,"s:39:2:41:3":11,"s:40:4:40:58":12,"b:40:20:40:32:40:36:40:56":7,"s:43:2:43:19":13,"f:52:22:52:38":1,"b:52:48:52:50":8,"s:53:17:53:38":14,"b:54:2:56:3:undefined:undefined:undefined:undefined":9,"s:54:2:56:3":15,"b:54:6:54:27:54:31:54:51":10,"s:55:4:55:48":16,"b:57:2:59:3:undefined:undefined:undefined:undefined":11,"s:57:2:59:3":17,"b:57:6:57:33:57:37:57:63":12,"s:58:4:58:60":18,"s:60:13:60:30":19,"s:61:15:61:54":20,"b:61:39:61:47:61:50:61:52":13,"s:62:15:62:42":21,"b:63:2:65:3:undefined:undefined:undefined:undefined":14,"s:63:2:65:3":22,"s:64:4:64:57":23,"s:66:2:66:14":24,"f:73:22:73:41":2,"s:74:13:74:53":25,"s:75:15:75:62":26,"b:76:2:78:3:undefined:undefined:undefined:undefined":15,"s:76:2:78:3":27,"b:76:6:76:18:76:22:76:46:76:50:76:69":16,"s:77:4:77:56":28,"s:79:2:79:14":29,"f:86:22:86:41":3,"s:87:13:87:53":30,"s:88:15:88:67":31,"b:89:2:91:3:undefined:undefined:undefined:undefined":17,"s:89:2:91:3":32,"s:90:4:90:51":33,"s:92:2:92:14":34}}}
,"C:\\Users\\alexa\\IdeaProjects\\fooddelivery\\frontend\\src\\services\\userApi.js": {"path":"C:\\Users\\alexa\\IdeaProjects\\fooddelivery\\frontend\\src\\services\\userApi.js","statementMap":{"0":{"start":{"line":4,"column":14},"end":{"line":4,"column":32}},"1":{"start":{"line":5,"column":2},"end":{"line":5,"column":null}},"2":{"start":{"line":6,"column":2},"end":{"line":6,"column":null}},"3":{"start":{"line":10,"column":14},"end":{"line":10,"column":40}},"4":{"start":{"line":11,"column":15},"end":{"line":11,"column":31}},"5":{"start":{"line":13,"column":2},"end":{"line":17,"column":null}},"6":{"start":{"line":14,"column":4},"end":{"line":14,"column":null}},"7":{"start":{"line":16,"column":4},"end":{"line":16,"column":null}},"8":{"start":{"line":19,"column":2},"end":{"line":21,"column":null}},"9":{"start":{"line":20,"column":4},"end":{"line":20,"column":null}},"10":{"start":{"line":22,"column":2},"end":{"line":24,"column":null}},"11":{"start":{"line":23,"column":4},"end":{"line":23,"column":null}},"12":{"start":{"line":25,"column":2},"end":{"line":27,"column":null}},"13":{"start":{"line":26,"column":4},"end":{"line":26,"column":null}},"14":{"start":{"line":28,"column":2},"end":{"line":28,"column":null}},"15":{"start":{"line":32,"column":15},"end":{"line":32,"column":53}},"16":{"start":{"line":33,"column":2},"end":{"line":35,"column":null}},"17":{"start":{"line":34,"column":4},"end":{"line":34,"column":null}},"18":{"start":{"line":36,"column":2},"end":{"line":36,"column":null}},"19":{"start":{"line":40,"column":15},"end":{"line":47,"column":4}},"20":{"start":{"line":48,"column":2},"end":{"line":50,"column":null}},"21":{"start":{"line":49,"column":4},"end":{"line":49,"column":null}},"22":{"start":{"line":51,"column":2},"end":{"line":51,"column":null}}},"fnMap":{"0":{"name":"asError","decl":{"start":{"line":3,"column":9},"end":{"line":3,"column":16}},"loc":{"start":{"line":3,"column":34},"end":{"line":7,"column":null}},"line":3},"1":{"name":"fetchApiSuccess","decl":{"start":{"line":9,"column":15},"end":{"line":9,"column":30}},"loc":{"start":{"line":9,"column":43},"end":{"line":29,"column":null}},"line":9},"2":{"name":"fetchUserProfile","decl":{"start":{"line":31,"column":22},"end":{"line":31,"column":38}},"loc":{"start":{"line":31,"column":41},"end":{"line":37,"column":null}},"line":31},"3":{"name":"updateUserProfile","decl":{"start":{"line":39,"column":22},"end":{"line":39,"column":39}},"loc":{"start":{"line":39,"column":49},"end":{"line":52,"column":null}},"line":39}},"branchMap":{"0":{"loc":{"start":{"line":14,"column":11},"end":{"line":14,"column":41}},"type":"cond-expr","locations":[{"start":{"line":14,"column":18},"end":{"line":14,"column":34}},{"start":{"line":14,"column":37},"end":{"line":14,"column":41}}],"line":14},"1":{"loc":{"start":{"line":19,"column":2},"end":{"line":21,"column":null}},"type":"if","locations":[{"start":{"line":19,"column":2},"end":{"line":21,"column":null}},{"start":{},"end":{}}],"line":19},"2":{"loc":{"start":{"line":20,"column":30},"end":{"line":20,"column":98}},"type":"binary-expr","locations":[{"start":{"line":20,"column":30},"end":{"line":20,"column":43}},{"start":{"line":20,"column":47},"end":{"line":20,"column":98}}],"line":20},"3":{"loc":{"start":{"line":20,"column":70},"end":{"line":20,"column":96}},"type":"binary-expr","locations":[{"start":{"line":20,"column":70},"end":{"line":20,"column":84}},{"start":{"line":20,"column":88},"end":{"line":20,"column":96}}],"line":20},"4":{"loc":{"start":{"line":22,"column":2},"end":{"line":24,"column":null}},"type":"if","locations":[{"start":{"line":22,"column":2},"end":{"line":24,"column":null}},{"start":{},"end":{}}],"line":22},"5":{"loc":{"start":{"line":22,"column":6},"end":{"line":22,"column":48}},"type":"binary-expr","locations":[{"start":{"line":22,"column":6},"end":{"line":22,"column":11}},{"start":{"line":22,"column":15},"end":{"line":22,"column":48}}],"line":22},"6":{"loc":{"start":{"line":25,"column":2},"end":{"line":27,"column":null}},"type":"if","locations":[{"start":{"line":25,"column":2},"end":{"line":27,"column":null}},{"start":{},"end":{}}],"line":25},"7":{"loc":{"start":{"line":26,"column":30},"end":{"line":26,"column":66}},"type":"binary-expr","locations":[{"start":{"line":26,"column":30},"end":{"line":26,"column":42}},{"start":{"line":26,"column":46},"end":{"line":26,"column":66}}],"line":26},"8":{"loc":{"start":{"line":33,"column":2},"end":{"line":35,"column":null}},"type":"if","locations":[{"start":{"line":33,"column":2},"end":{"line":35,"column":null}},{"start":{},"end":{}}],"line":33},"9":{"loc":{"start":{"line":33,"column":6},"end":{"line":33,"column":69}},"type":"binary-expr","locations":[{"start":{"line":33,"column":6},"end":{"line":33,"column":18}},{"start":{"line":33,"column":22},"end":{"line":33,"column":46}},{"start":{"line":33,"column":50},"end":{"line":33,"column":69}}],"line":33},"10":{"loc":{"start":{"line":48,"column":2},"end":{"line":50,"column":null}},"type":"if","locations":[{"start":{"line":48,"column":2},"end":{"line":50,"column":null}},{"start":{},"end":{}}],"line":48},"11":{"loc":{"start":{"line":48,"column":6},"end":{"line":48,"column":69}},"type":"binary-expr","locations":[{"start":{"line":48,"column":6},"end":{"line":48,"column":18}},{"start":{"line":48,"column":22},"end":{"line":48,"column":46}},{"start":{"line":48,"column":50},"end":{"line":48,"column":69}}],"line":48}},"s":{"0":4,"1":4,"2":4,"3":8,"4":8,"5":8,"6":8,"7":1,"8":7,"9":1,"10":6,"11":1,"12":5,"13":1,"14":4,"15":6,"16":2,"17":1,"18":1,"19":2,"20":2,"21":1,"22":1},"f":{"0":4,"1":8,"2":6,"3":2},"b":{"0":[8,0],"1":[1,6],"2":[1,0],"3":[0,0],"4":[1,5],"5":[6,6],"6":[1,4],"7":[1,0],"8":[1,1],"9":[2,2,2],"10":[1,1],"11":[2,1,1]},"meta":{"lastBranch":12,"lastFunction":4,"lastStatement":23,"seen":{"f:3:9:3:16":0,"s:4:14:4:32":0,"s:5:2:5:Infinity":1,"s:6:2:6:Infinity":2,"f:9:15:9:30":1,"s:10:14:10:40":3,"s:11:15:11:31":4,"s:13:2:17:Infinity":5,"s:14:4:14:Infinity":6,"b:14:18:14:34:14:37:14:41":0,"s:16:4:16:Infinity":7,"b:19:2:21:Infinity:undefined:undefined:undefined:undefined":1,"s:19:2:21:Infinity":8,"s:20:4:20:Infinity":9,"b:20:30:20:43:20:47:20:98":2,"b:20:70:20:84:20:88:20:96":3,"b:22:2:24:Infinity:undefined:undefined:undefined:undefined":4,"s:22:2:24:Infinity":10,"b:22:6:22:11:22:15:22:48":5,"s:23:4:23:Infinity":11,"b:25:2:27:Infinity:undefined:undefined:undefined:undefined":6,"s:25:2:27:Infinity":12,"s:26:4:26:Infinity":13,"b:26:30:26:42:26:46:26:66":7,"s:28:2:28:Infinity":14,"f:31:22:31:38":2,"s:32:15:32:53":15,"b:33:2:35:Infinity:undefined:undefined:undefined:undefined":8,"s:33:2:35:Infinity":16,"b:33:6:33:18:33:22:33:46:33:50:33:69":9,"s:34:4:34:Infinity":17,"s:36:2:36:Infinity":18,"f:39:22:39:39":3,"s:40:15:47:4":19,"b:48:2:50:Infinity:undefined:undefined:undefined:undefined":10,"s:48:2:50:Infinity":20,"b:48:6:48:18:48:22:48:46:48:50:48:69":11,"s:49:4:49:Infinity":21,"s:51:2:51:Infinity":22}}}
}
