{"total": {"lines":{"total":1042,"covered":958,"skipped":0,"pct":91.93},"statements":{"total":1134,"covered":1001,"skipped":0,"pct":88.27},"functions":{"total":276,"covered":222,"skipped":0,"pct":80.43},"branches":{"total":945,"covered":720,"skipped":0,"pct":76.19},"branchesTrue":{"total":0,"covered":0,"skipped":0,"pct":100}}
,"C:\\Users\\alexa\\IdeaProjects\\fooddelivery\\frontend\\src\\App.jsx": {"lines":{"total":5,"covered":5,"skipped":0,"pct":100},"functions":{"total":2,"covered":2,"skipped":0,"pct":100},"statements":{"total":5,"covered":5,"skipped":0,"pct":100},"branches":{"total":2,"covered":2,"skipped":0,"pct":100}}
,"C:\\Users\\alexa\\IdeaProjects\\fooddelivery\\frontend\\src\\components\\ProtectedRoute.jsx": {"lines":{"total":7,"covered":7,"skipped":0,"pct":100},"functions":{"total":1,"covered":1,"skipped":0,"pct":100},"statements":{"total":7,"covered":7,"skipped":0,"pct":100},"branches":{"total":8,"covered":8,"skipped":0,"pct":100}}
,"C:\\Users\\alexa\\IdeaProjects\\fooddelivery\\frontend\\src\\components\\YandexMap.jsx": {"lines":{"total":54,"covered":52,"skipped":0,"pct":96.29},"functions":{"total":13,"covered":13,"skipped":0,"pct":100},"statements":{"total":57,"covered":55,"skipped":0,"pct":96.49},"branches":{"total":43,"covered":37,"skipped":0,"pct":86.04}}
,"C:\\Users\\alexa\\IdeaProjects\\fooddelivery\\frontend\\src\\context\\AuthContext.jsx": {"lines":{"total":61,"covered":58,"skipped":0,"pct":95.08},"functions":{"total":16,"covered":14,"skipped":0,"pct":87.5},"statements":{"total":63,"covered":59,"skipped":0,"pct":93.65},"branches":{"total":58,"covered":50,"skipped":0,"pct":86.2}}
,"C:\\Users\\alexa\\IdeaProjects\\fooddelivery\\frontend\\src\\pages\\AdminDashboardPage.jsx": {"lines":{"total":98,"covered":76,"skipped":0,"pct":77.55},"functions":{"total":29,"covered":16,"skipped":0,"pct":55.17},"statements":{"total":113,"covered":79,"skipped":0,"pct":69.91},"branches":{"total":126,"covered":81,"skipped":0,"pct":64.28}}
,"C:\\Users\\alexa\\IdeaProjects\\fooddelivery\\frontend\\src\\pages\\CartPage.jsx": {"lines":{"total":100,"covered":92,"skipped":0,"pct":92},"functions":{"total":18,"covered":16,"skipped":0,"pct":88.88},"statements":{"total":106,"covered":92,"skipped":0,"pct":86.79},"branches":{"total":72,"covered":51,"skipped":0,"pct":70.83}}
,"C:\\Users\\alexa\\IdeaProjects\\fooddelivery\\frontend\\src\\pages\\CourierDashboardPage.jsx": {"lines":{"total":99,"covered":87,"skipped":0,"pct":87.87},"functions":{"total":25,"covered":19,"skipped":0,"pct":76},"statements":{"total":107,"covered":90,"skipped":0,"pct":84.11},"branches":{"total":90,"covered":58,"skipped":0,"pct":64.44}}
,"C:\\Users\\alexa\\IdeaProjects\\fooddelivery\\frontend\\src\\pages\\LoginPage.jsx": {"lines":{"total":28,"covered":26,"skipped":0,"pct":92.85},"functions":{"total":4,"covered":4,"skipped":0,"pct":100},"statements":{"total":28,"covered":26,"skipped":0,"pct":92.85},"branches":{"total":18,"covered":15,"skipped":0,"pct":83.33}}
,"C:\\Users\\alexa\\IdeaProjects\\fooddelivery\\frontend\\src\\pages\\OrderHistoryPage.jsx": {"lines":{"total":110,"covered":106,"skipped":0,"pct":96.36},"functions":{"total":32,"covered":29,"skipped":0,"pct":90.62},"statements":{"total":124,"covered":117,"skipped":0,"pct":94.35},"branches":{"total":102,"covered":84,"skipped":0,"pct":82.35}}
,"C:\\Users\\alexa\\IdeaProjects\\fooddelivery\\frontend\\src\\pages\\RegistrationPage.jsx": {"lines":{"total":35,"covered":33,"skipped":0,"pct":94.28},"functions":{"total":7,"covered":7,"skipped":0,"pct":100},"statements":{"total":35,"covered":33,"skipped":0,"pct":94.28},"branches":{"total":16,"covered":13,"skipped":0,"pct":81.25}}
,"C:\\Users\\alexa\\IdeaProjects\\fooddelivery\\frontend\\src\\pages\\RestaurantDashboardPage.jsx": {"lines":{"total":140,"covered":123,"skipped":0,"pct":87.85},"functions":{"total":59,"covered":37,"skipped":0,"pct":62.71},"statements":{"total":170,"covered":137,"skipped":0,"pct":80.58},"branches":{"total":126,"covered":95,"skipped":0,"pct":75.39}}
,"C:\\Users\\alexa\\IdeaProjects\\fooddelivery\\frontend\\src\\pages\\RestaurantMenuPage.jsx": {"lines":{"total":58,"covered":58,"skipped":0,"pct":100},"functions":{"total":10,"covered":10,"skipped":0,"pct":100},"statements":{"total":61,"covered":59,"skipped":0,"pct":96.72},"branches":{"total":53,"covered":46,"skipped":0,"pct":86.79}}
,"C:\\Users\\alexa\\IdeaProjects\\fooddelivery\\frontend\\src\\pages\\RestaurantsPage.jsx": {"lines":{"total":50,"covered":44,"skipped":0,"pct":88},"functions":{"total":11,"covered":9,"skipped":0,"pct":81.81},"statements":{"total":50,"covered":44,"skipped":0,"pct":88},"branches":{"total":29,"covered":21,"skipped":0,"pct":72.41}}
,"C:\\Users\\alexa\\IdeaProjects\\fooddelivery\\frontend\\src\\pages\\UserProfilePage.jsx": {"lines":{"total":37,"covered":37,"skipped":0,"pct":100},"functions":{"total":10,"covered":10,"skipped":0,"pct":100},"statements":{"total":41,"covered":39,"skipped":0,"pct":95.12},"branches":{"total":35,"covered":27,"skipped":0,"pct":77.14}}
,"C:\\Users\\alexa\\IdeaProjects\\fooddelivery\\frontend\\src\\services\\apiClient.js": {"lines":{"total":31,"covered":31,"skipped":0,"pct":100},"functions":{"total":10,"covered":6,"skipped":0,"pct":60},"statements":{"total":34,"covered":32,"skipped":0,"pct":94.11},"branches":{"total":34,"covered":28,"skipped":0,"pct":82.35}}
,"C:\\Users\\alexa\\IdeaProjects\\fooddelivery\\frontend\\src\\services\\authApi.js": {"lines":{"total":21,"covered":20,"skipped":0,"pct":95.23},"functions":{"total":6,"covered":6,"skipped":0,"pct":100},"statements":{"total":25,"covered":24,"skipped":0,"pct":96},"branches":{"total":27,"covered":23,"skipped":0,"pct":85.18}}
,"C:\\Users\\alexa\\IdeaProjects\\fooddelivery\\frontend\\src\\services\\cartApi.js": {"lines":{"total":24,"covered":23,"skipped":0,"pct":95.83},"functions":{"total":8,"covered":8,"skipped":0,"pct":100},"statements":{"total":24,"covered":23,"skipped":0,"pct":95.83},"branches":{"total":21,"covered":15,"skipped":0,"pct":71.42}}
,"C:\\Users\\alexa\\IdeaProjects\\fooddelivery\\frontend\\src\\services\\orderApi.js": {"lines":{"total":26,"covered":25,"skipped":0,"pct":96.15},"functions":{"total":7,"covered":7,"skipped":0,"pct":100},"statements":{"total":26,"covered":25,"skipped":0,"pct":96.15},"branches":{"total":23,"covered":17,"skipped":0,"pct":73.91}}
,"C:\\Users\\alexa\\IdeaProjects\\fooddelivery\\frontend\\src\\services\\restaurantsApi.js": {"lines":{"total":35,"covered":32,"skipped":0,"pct":91.42},"functions":{"total":4,"covered":4,"skipped":0,"pct":100},"statements":{"total":35,"covered":32,"skipped":0,"pct":91.42},"branches":{"total":36,"covered":28,"skipped":0,"pct":77.77}}
,"C:\\Users\\alexa\\IdeaProjects\\fooddelivery\\frontend\\src\\services\\userApi.js": {"lines":{"total":23,"covered":23,"skipped":0,"pct":100},"functions":{"total":4,"covered":4,"skipped":0,"pct":100},"statements":{"total":23,"covered":23,"skipped":0,"pct":100},"branches":{"total":26,"covered":21,"skipped":0,"pct":80.76}}
}
